#
# There is insufficient memory for the Java Runtime Environment to continue.
# Native memory allocation (mmap) failed to map 639631360 bytes for Failed to commit area from 0x0000000093100000 to 0x00000000b9300000 of length 639631360.
# Possible reasons:
#   The system is out of physical RAM or swap space
#   The process is running with CompressedOops enabled, and the Java Heap may be blocking the growth of the native heap
# Possible solutions:
#   Reduce memory load on the system
#   Increase physical memory or swap space
#   Check if swap backing store is full
#   Decrease Java heap size (-Xmx/-Xms)
#   Decrease number of Java threads
#   Decrease Java thread stack sizes (-Xss)
#   Set larger code cache with -XX:ReservedCodeCacheSize=
#   JVM is running with Unscaled Compressed Oops mode in which the Java heap is
#     placed in the first 4GB address space. The Java Heap base address is the
#     maximum limit for the native heap growth. Please use -XX:HeapBaseMinAddress
#     to set the Java Heap base and to place the Java Heap above 4GB virtual address.
# This output file may be truncated or incomplete.
#
#  Out of Memory Error (./src/hotspot/os/windows/os_windows.cpp:3619), pid=5100, tid=2676
#
# JRE version: OpenJDK Runtime Environment (11.0.13) (build 11.0.13+0-b1751.21-8125866)
# Java VM: OpenJDK 64-Bit Server VM (11.0.13+0-b1751.21-8125866, mixed mode, tiered, compressed oops, g1 gc, windows-amd64)
# No core dump will be written. Minidumps are not enabled by default on client versions of Windows
#

---------------  S U M M A R Y ------------

Command Line: --add-opens=java.base/java.util=ALL-UNNAMED --add-opens=java.base/java.lang=ALL-UNNAMED --add-opens=java.base/java.lang.invoke=ALL-UNNAMED --add-opens=java.base/java.util=ALL-UNNAMED --add-opens=java.prefs/java.util.prefs=ALL-UNNAMED --add-opens=java.prefs/java.util.prefs=ALL-UNNAMED --add-opens=java.base/java.nio.charset=ALL-UNNAMED --add-opens=java.base/java.net=ALL-UNNAMED --add-opens=java.base/java.util.concurrent.atomic=ALL-UNNAMED -Xmx2048m -Dfile.encoding=UTF-8 -Duser.country=US -Duser.language=en -Duser.variant org.gradle.launcher.daemon.bootstrap.GradleDaemon 7.4

Host: Pentium(R) Dual-Core CPU       T4500  @ 2.30GHz, 2 cores, 2G,  Windows 7 , 64 bit Build 7601 (6.1.7601.24545)
Time: Mon Dec  5 19:38:12 2022 India Standard Time elapsed time: 483.247221 seconds (0d 0h 8m 3s)

---------------  T H R E A D  ---------------

Current thread (0x000000005d40a000):  VMThread "VM Thread" [stack: 0x000000005d540000,0x000000005d640000] [id=2676]

Stack: [0x000000005d540000,0x000000005d640000]
[error occurred during error reporting (printing stack bounds), id 0xc0000005, EXCEPTION_ACCESS_VIOLATION (0xc0000005) at pc=0x000000000611113d]

Native frames: (J=compiled Java code, j=interpreted, Vv=VM code, C=native code)
V  [jvm.dll+0x6100fa]
V  [jvm.dll+0x747090]
V  [jvm.dll+0x7486ad]
V  [jvm.dll+0x748ce5]
V  [jvm.dll+0x748c9b]
V  [jvm.dll+0x60f224]
V  [jvm.dll+0x60f9b8]
C  [ntdll.dll+0x6be9d]
C  [ntdll.dll+0x4040a]
C  [ntdll.dll+0x6b53e]
C  0x000000000611113d

VM_Operation (0x000000006797ad70): G1CollectForAllocation, mode: safepoint, requested by thread 0x0000000066b4e800


---------------  P R O C E S S  ---------------

Threads class SMR info:
_java_thread_list=0x000000006b46bb80, length=67, elements={
0x0000000000373000, 0x000000005d40d000, 0x000000005d417800, 0x000000005d425000,
0x000000005d426000, 0x000000005d428000, 0x000000005d430800, 0x000000005d431800,
0x000000005d43b000, 0x000000005e400000, 0x000000005f2aa800, 0x000000005eb35800,
0x000000005f3c8000, 0x000000005e553000, 0x000000005e62e000, 0x000000005f5a0800,
0x000000005e387800, 0x000000005ed06000, 0x000000005f5c9000, 0x000000005ffbb000,
0x000000005ffbc000, 0x000000005ffbc800, 0x000000005ffbd800, 0x000000005ffbe800,
0x000000005ffbf000, 0x000000005ffc0000, 0x000000005ffc1000, 0x000000005ffc1800,
0x000000005fe14800, 0x000000005fe17000, 0x000000005fe18000, 0x000000005fe19000,
0x000000005fe19800, 0x000000005fe1a800, 0x000000005fe1b000, 0x000000006353c000,
0x000000006353d000, 0x000000006353d800, 0x000000006353e800, 0x000000006353f800,
0x0000000063540000, 0x0000000063541000, 0x0000000063542000, 0x0000000063542800,
0x00000000608ce800, 0x00000000608cf800, 0x00000000608d0000, 0x00000000608d1000,
0x00000000608d2000, 0x00000000608d2800, 0x00000000608d3800, 0x00000000608d4800,
0x00000000608d5000, 0x0000000066b49800, 0x0000000066b4a800, 0x0000000066b4b800,
0x0000000066b4c000, 0x0000000066b4d000, 0x0000000066b4d800, 0x0000000066b4e800,
0x0000000066b4f800, 0x000000006b4ca800, 0x000000006b4cb800, 0x000000006b4cc000,
0x000000006b4cd000, 0x000000006b4ce000, 0x000000006b4ce800
}

Java Threads: ( => current thread )
  0x0000000000373000 JavaThread "main" [_thread_blocked, id=4688, stack(0x0000000002300000,0x0000000002400000)]
  0x000000005d40d000 JavaThread "Reference Handler" daemon [_thread_blocked, id=716, stack(0x000000005d830000,0x000000005d930000)]
  0x000000005d417800 JavaThread "Finalizer" daemon [_thread_blocked, id=1652, stack(0x000000005d6d0000,0x000000005d7d0000)]
  0x000000005d425000 JavaThread "Signal Dispatcher" daemon [_thread_blocked, id=4720, stack(0x000000005d980000,0x000000005da80000)]
  0x000000005d426000 JavaThread "Attach Listener" daemon [_thread_blocked, id=4172, stack(0x000000005dbf0000,0x000000005dcf0000)]
  0x000000005d428000 JavaThread "Service Thread" daemon [_thread_blocked, id=5060, stack(0x000000005de10000,0x000000005df10000)]
  0x000000005d430800 JavaThread "C2 CompilerThread0" daemon [_thread_blocked, id=4988, stack(0x000000005df60000,0x000000005e060000)]
  0x000000005d431800 JavaThread "C1 CompilerThread0" daemon [_thread_blocked, id=4520, stack(0x000000005e060000,0x000000005e160000)]
  0x000000005d43b000 JavaThread "Sweeper thread" daemon [_thread_blocked, id=4544, stack(0x000000005e270000,0x000000005e370000)]
  0x000000005e400000 JavaThread "Common-Cleaner" daemon [_thread_blocked, id=4592, stack(0x000000005e160000,0x000000005e260000)]
  0x000000005f2aa800 JavaThread "Daemon health stats" [_thread_blocked, id=2244, stack(0x00000000617c0000,0x00000000618c0000)]
  0x000000005eb35800 JavaThread "Incoming local TCP Connector on port 55283" [_thread_in_native, id=4248, stack(0x0000000061e00000,0x0000000061f00000)]
  0x000000005f3c8000 JavaThread "Daemon periodic checks" [_thread_blocked, id=2064, stack(0x0000000061b10000,0x0000000061c10000)]
  0x000000005e553000 JavaThread "Daemon" [_thread_blocked, id=3836, stack(0x000000005e910000,0x000000005ea10000)]
  0x000000005e62e000 JavaThread "Handler for socket connection from /127.0.0.1:55283 to /127.0.0.1:55284" [_thread_in_native, id=2772, stack(0x00000000616c0000,0x00000000617c0000)]
  0x000000005f5a0800 JavaThread "Cancel handler" [_thread_blocked, id=4648, stack(0x0000000062230000,0x0000000062330000)]
  0x000000005e387800 JavaThread "Daemon worker" [_thread_blocked, id=1232, stack(0x0000000062100000,0x0000000062200000)]
  0x000000005ed06000 JavaThread "Asynchronous log dispatcher for DefaultDaemonConnection: socket connection from /127.0.0.1:55283 to /127.0.0.1:55284" [_thread_blocked, id=4924, stack(0x0000000062490000,0x0000000062590000)]
  0x000000005f5c9000 JavaThread "Daemon client event forwarder" [_thread_blocked, id=4744, stack(0x00000000627b0000,0x00000000628b0000)]
  0x000000005ffbb000 JavaThread "Cache worker for journal cache (C:\Users\Ubaid\.gradle\caches\journal-1)" [_thread_blocked, id=2620, stack(0x0000000062330000,0x0000000062430000)]
  0x000000005ffbc000 JavaThread "File lock request listener" [_thread_in_native, id=2568, stack(0x0000000062b80000,0x0000000062c80000)]
  0x000000005ffbc800 JavaThread "Cache worker for file hash cache (C:\Users\Ubaid\.gradle\caches\7.4\fileHashes)" [_thread_blocked, id=3544, stack(0x0000000062ca0000,0x0000000062da0000)]
  0x000000005ffbd800 JavaThread "Cache worker for checksums cache (C:\Users\Ubaid\AndroidStudioProjects\GrocereeApp\Groceree\.gradle\7.4\checksums)" [_thread_blocked, id=4020, stack(0x0000000064520000,0x0000000064620000)]
  0x000000005ffbe800 JavaThread "Cache worker for cache directory md-rule (C:\Users\Ubaid\.gradle\caches\7.4\md-rule)" [_thread_blocked, id=3768, stack(0x0000000063230000,0x0000000063330000)]
  0x000000005ffbf000 JavaThread "Cache worker for file hash cache (C:\Users\Ubaid\AndroidStudioProjects\GrocereeApp\Groceree\.gradle\7.4\fileHashes)" [_thread_blocked, id=2844, stack(0x0000000064850000,0x0000000064950000)]
  0x000000005ffc0000 JavaThread "Cache worker for cache directory md-supplier (C:\Users\Ubaid\.gradle\caches\7.4\md-supplier)" [_thread_blocked, id=3588, stack(0x0000000064a70000,0x0000000064b70000)]
  0x000000005ffc1000 JavaThread "Cache worker for execution history cache (C:\Users\Ubaid\.gradle\caches\7.4\executionHistory)" [_thread_blocked, id=4916, stack(0x0000000064d30000,0x0000000064e30000)]
  0x000000005ffc1800 JavaThread "jar transforms" [_thread_blocked, id=2856, stack(0x0000000064c30000,0x0000000064d30000)]
  0x000000005fe14800 JavaThread "Cache worker for file content cache (C:\Users\Ubaid\.gradle\caches\7.4\fileContent)" [_thread_blocked, id=2232, stack(0x0000000065790000,0x0000000065890000)]
  0x000000005fe17000 JavaThread "jar transforms Thread 2" [_thread_blocked, id=1272, stack(0x0000000065b60000,0x0000000065c60000)]
  0x000000005fe18000 JavaThread "Cache worker for dependencies-accessors (C:\Users\Ubaid\AndroidStudioProjects\GrocereeApp\Groceree\.gradle\7.4\dependencies-accessors)" [_thread_blocked, id=1524, stack(0x0000000065da0000,0x0000000065ea0000)]
  0x000000005fe19000 JavaThread "Cache worker for Build Output Cleanup Cache (C:\Users\Ubaid\AndroidStudioProjects\GrocereeApp\Groceree\.gradle\buildOutputCleanup)" [_thread_blocked, id=840, stack(0x0000000067520000,0x0000000067620000)]
  0x000000005fe19800 JavaThread "Unconstrained build operations" [_thread_blocked, id=4512, stack(0x00000000679a0000,0x0000000067aa0000)]
  0x000000005fe1a800 JavaThread "Unconstrained build operations Thread 2" [_thread_blocked, id=2332, stack(0x0000000067b60000,0x0000000067c60000)]
  0x000000005fe1b000 JavaThread "Unconstrained build operations Thread 3" [_thread_blocked, id=3680, stack(0x0000000067d30000,0x0000000067e30000)]
  0x000000006353c000 JavaThread "Unconstrained build operations Thread 4" [_thread_blocked, id=4268, stack(0x0000000065c90000,0x0000000065d90000)]
  0x000000006353d000 JavaThread "Unconstrained build operations Thread 5" [_thread_blocked, id=1776, stack(0x0000000067f50000,0x0000000068050000)]
  0x000000006353d800 JavaThread "Unconstrained build operations Thread 6" [_thread_blocked, id=4784, stack(0x00000000680b0000,0x00000000681b0000)]
  0x000000006353e800 JavaThread "Unconstrained build operations Thread 7" [_thread_blocked, id=4340, stack(0x00000000681e0000,0x00000000682e0000)]
  0x000000006353f800 JavaThread "Unconstrained build operations Thread 8" [_thread_blocked, id=3896, stack(0x0000000065640000,0x0000000065740000)]
  0x0000000063540000 JavaThread "Unconstrained build operations Thread 9" [_thread_blocked, id=1628, stack(0x00000000683b0000,0x00000000684b0000)]
  0x0000000063541000 JavaThread "Unconstrained build operations Thread 10" [_thread_blocked, id=2644, stack(0x00000000685e0000,0x00000000686e0000)]
  0x0000000063542000 JavaThread "Unconstrained build operations Thread 11" [_thread_blocked, id=2304, stack(0x0000000068830000,0x0000000068930000)]
  0x0000000063542800 JavaThread "Unconstrained build operations Thread 12" [_thread_blocked, id=1400, stack(0x00000000689f0000,0x0000000068af0000)]
  0x00000000608ce800 JavaThread "Unconstrained build operations Thread 13" [_thread_blocked, id=1072, stack(0x0000000068b80000,0x0000000068c80000)]
  0x00000000608cf800 JavaThread "Unconstrained build operations Thread 14" [_thread_blocked, id=2212, stack(0x00000000684c0000,0x00000000685c0000)]
  0x00000000608d0000 JavaThread "Unconstrained build operations Thread 15" [_thread_blocked, id=3864, stack(0x0000000068da0000,0x0000000068ea0000)]
  0x00000000608d1000 JavaThread "Unconstrained build operations Thread 16" [_thread_blocked, id=2412, stack(0x0000000068f40000,0x0000000069040000)]
  0x00000000608d2000 JavaThread "Unconstrained build operations Thread 17" [_thread_blocked, id=1260, stack(0x0000000069080000,0x0000000069180000)]
  0x00000000608d2800 JavaThread "Unconstrained build operations Thread 18" [_thread_blocked, id=1940, stack(0x0000000067e30000,0x0000000067f30000)]
  0x00000000608d3800 JavaThread "Unconstrained build operations Thread 19" [_thread_blocked, id=3560, stack(0x0000000064960000,0x0000000064a60000)]
  0x00000000608d4800 JavaThread "Unconstrained build operations Thread 20" [_thread_blocked, id=3416, stack(0x00000000692a0000,0x00000000693a0000)]
  0x00000000608d5000 JavaThread "Memory manager" [_thread_blocked, id=4332, stack(0x0000000068700000,0x0000000068800000)]
  0x0000000066b49800 JavaThread "build event listener" [_thread_blocked, id=184, stack(0x000000006bfe0000,0x000000006c0e0000)]
  0x0000000066b4a800 JavaThread "pool-3-thread-1" [_thread_blocked, id=2616, stack(0x000000006c410000,0x000000006c510000)]
  0x0000000066b4b800 JavaThread "build event listener" [_thread_blocked, id=3816, stack(0x000000006c5a0000,0x000000006c6a0000)]
  0x0000000066b4c000 JavaThread "included builds" [_thread_blocked, id=3112, stack(0x000000006c310000,0x000000006c410000)]
  0x0000000066b4d000 JavaThread "Execution worker for ':'" [_thread_blocked, id=3376, stack(0x000000006c790000,0x000000006c890000)]
  0x0000000066b4d800 JavaThread "Cache worker for execution history cache (C:\Users\Ubaid\AndroidStudioProjects\GrocereeApp\Groceree\.gradle\7.4\executionHistory)" [_thread_blocked, id=3092, stack(0x000000006c8b0000,0x000000006c9b0000)]
  0x0000000066b4e800 JavaThread "WorkerExecutor Queue" [_thread_blocked, id=3852, stack(0x0000000067880000,0x0000000067980000)]
  0x0000000066b4f800 JavaThread "WorkerExecutor Queue Thread 2" [_thread_blocked, id=4952, stack(0x000000006cf30000,0x000000006d030000)]
  0x000000006b4ca800 JavaThread "pool-4-thread-1" [_thread_blocked, id=3720, stack(0x000000006ce00000,0x000000006cf00000)]
  0x000000006b4cb800 JavaThread "stderr" [_thread_in_native, id=3432, stack(0x000000006db10000,0x000000006dc10000)]
  0x000000006b4cc000 JavaThread "stdout" [_thread_in_native, id=4636, stack(0x000000006ed90000,0x000000006ee90000)]
  0x000000006b4cd000 JavaThread "Cache worker for Java compile cache (C:\Users\Ubaid\.gradle\caches\7.4\javaCompile)" [_thread_blocked, id=512, stack(0x000000006f180000,0x000000006f280000)]
  0x000000006b4ce000 JavaThread "Build operations" [_thread_blocked, id=4968, stack(0x00000000691a0000,0x00000000692a0000)]
  0x000000006b4ce800 JavaThread "Build operations Thread 2" [_thread_blocked, id=4816, stack(0x000000006f2b0000,0x000000006f3b0000)]

Other Threads:
=>0x000000005d40a000 VMThread "VM Thread" [stack: 0x000000005d540000,0x000000005d640000] [id=2676]
  0x000000005e40c000 WatcherThread [stack: 0x000000005daa0000,0x000000005dba0000] [id=3420]
  0x000000000038b000 GCTaskThread "GC Thread#0" [stack: 0x00000000154d0000,0x00000000155d0000] [id=5092]
  0x000000005e55c000 GCTaskThread "GC Thread#1" [stack: 0x000000005ea10000,0x000000005eb10000] [id=4812]
  0x00000000003bb000 ConcurrentGCThread "G1 Main Marker" [stack: 0x000000001a410000,0x000000001a510000] [id=1636]
  0x00000000003bc800 ConcurrentGCThread "G1 Conc#0" [stack: 0x000000001a620000,0x000000001a720000] [id=4748]
  0x000000000040c800 ConcurrentGCThread "G1 Refine#0" [stack: 0x000000001c7a0000,0x000000001c8a0000] [id=1640]
  0x000000000040d800 ConcurrentGCThread "G1 Young RemSet Sampling" [stack: 0x000000001ca30000,0x000000001cb30000] [id=4652]

Threads with active compile tasks:
C2 CompilerThread0 485367 19291       4       com.android.tools.r8.internal.B8::a (1251 bytes)

VM state:at safepoint (normal execution)

VM Mutex/Monitor currently owned by a thread:  ([mutex/lock_event])
[0x000000000036f020] Threads_lock - owner thread: 0x000000005d40a000
[0x000000000036f800] Heap_lock - owner thread: 0x0000000066b4e800

Heap address: 0x0000000080000000, size: 2048 MB, Compressed Oops mode: 32-bit
Narrow klass base: 0x0000000000000000, Narrow klass shift: 0
Compressed class space size: 1073741824 Address: 0x000000001cb30000

Heap:
 garbage-first heap   total 936960K, used 146422K [0x0000000080000000, 0x0000000100000000)
  region size 1024K, 1 young (1024K), 1 survivors (1024K)
 Metaspace       used 125826K, capacity 128858K, committed 128944K, reserved 1161216K
  class space    used 15405K, capacity 16566K, committed 16640K, reserved 1048576K
Heap Regions: E=young(eden), S=young(survivor), O=old, HS=humongous(starts), HC=humongous(continues), CS=collection set, F=free, A=archive, TAMS=top-at-mark-start (previous, next)
|   0|0x0000000080000000, 0x0000000080100000, 0x0000000080100000|100%| O|  |TAMS 0x0000000080100000, 0x0000000080000000| Untracked 
|   1|0x0000000080100000, 0x0000000080200000, 0x0000000080200000|100%| O|  |TAMS 0x0000000080200000, 0x0000000080100000| Untracked 
|   2|0x0000000080200000, 0x0000000080300000, 0x0000000080300000|100%| O|  |TAMS 0x0000000080300000, 0x0000000080200000| Untracked 
|   3|0x0000000080300000, 0x0000000080400000, 0x0000000080400000|100%| O|  |TAMS 0x0000000080400000, 0x0000000080300000| Untracked 
|   4|0x0000000080400000, 0x0000000080500000, 0x0000000080500000|100%|HS|  |TAMS 0x0000000080500000, 0x0000000080400000| Complete 
|   5|0x0000000080500000, 0x0000000080600000, 0x0000000080600000|100%|HC|  |TAMS 0x0000000080600000, 0x0000000080500000| Complete 
|   6|0x0000000080600000, 0x0000000080700000, 0x0000000080700000|100%|HC|  |TAMS 0x0000000080700000, 0x0000000080600000| Complete 
|   7|0x0000000080700000, 0x0000000080800000, 0x0000000080800000|100%| O|  |TAMS 0x0000000080800000, 0x0000000080700000| Untracked 
|   8|0x0000000080800000, 0x0000000080900000, 0x0000000080900000|100%| O|  |TAMS 0x0000000080900000, 0x0000000080800000| Untracked 
|   9|0x0000000080900000, 0x0000000080a00000, 0x0000000080a00000|100%| O|  |TAMS 0x0000000080a00000, 0x0000000080900000| Untracked 
|  10|0x0000000080a00000, 0x0000000080b00000, 0x0000000080b00000|100%| O|  |TAMS 0x0000000080a00000, 0x0000000080a00000| Untracked 
|  11|0x0000000080b00000, 0x0000000080c00000, 0x0000000080c00000|100%| O|  |TAMS 0x0000000080c00000, 0x0000000080b00000| Untracked 
|  12|0x0000000080c00000, 0x0000000080d00000, 0x0000000080d00000|100%| O|  |TAMS 0x0000000080d00000, 0x0000000080c00000| Untracked 
|  13|0x0000000080d00000, 0x0000000080e00000, 0x0000000080e00000|100%| O|  |TAMS 0x0000000080e00000, 0x0000000080d00000| Untracked 
|  14|0x0000000080e00000, 0x0000000080f00000, 0x0000000080f00000|100%| O|  |TAMS 0x0000000080f00000, 0x0000000080e00000| Untracked 
|  15|0x0000000080f00000, 0x0000000081000000, 0x0000000081000000|100%| O|  |TAMS 0x0000000081000000, 0x0000000080f00000| Untracked 
|  16|0x0000000081000000, 0x0000000081100000, 0x0000000081100000|100%| O|  |TAMS 0x0000000081100000, 0x0000000081000000| Untracked 
|  17|0x0000000081100000, 0x0000000081200000, 0x0000000081200000|100%| O|  |TAMS 0x0000000081200000, 0x0000000081100000| Untracked 
|  18|0x0000000081200000, 0x0000000081300000, 0x0000000081300000|100%| O|  |TAMS 0x0000000081300000, 0x0000000081200000| Untracked 
|  19|0x0000000081300000, 0x0000000081400000, 0x0000000081400000|100%| O|  |TAMS 0x0000000081400000, 0x0000000081300000| Untracked 
|  20|0x0000000081400000, 0x0000000081500000, 0x0000000081500000|100%| O|  |TAMS 0x0000000081500000, 0x0000000081400000| Untracked 
|  21|0x0000000081500000, 0x0000000081600000, 0x0000000081600000|100%| O|  |TAMS 0x0000000081600000, 0x0000000081500000| Untracked 
|  22|0x0000000081600000, 0x0000000081700000, 0x0000000081700000|100%| O|  |TAMS 0x0000000081700000, 0x0000000081600000| Untracked 
|  23|0x0000000081700000, 0x0000000081800000, 0x0000000081800000|100%| O|  |TAMS 0x0000000081800000, 0x0000000081700000| Untracked 
|  24|0x0000000081800000, 0x0000000081900000, 0x0000000081900000|100%| O|  |TAMS 0x0000000081900000, 0x0000000081800000| Untracked 
|  25|0x0000000081900000, 0x0000000081a00000, 0x0000000081a00000|100%| O|  |TAMS 0x0000000081a00000, 0x0000000081900000| Untracked 
|  26|0x0000000081a00000, 0x0000000081b00000, 0x0000000081b00000|100%| O|  |TAMS 0x0000000081b00000, 0x0000000081a00000| Untracked 
|  27|0x0000000081b00000, 0x0000000081c00000, 0x0000000081c00000|100%| O|  |TAMS 0x0000000081c00000, 0x0000000081b00000| Untracked 
|  28|0x0000000081c00000, 0x0000000081d00000, 0x0000000081d00000|100%| O|  |TAMS 0x0000000081d00000, 0x0000000081c00000| Untracked 
|  29|0x0000000081d00000, 0x0000000081e00000, 0x0000000081e00000|100%| O|  |TAMS 0x0000000081e00000, 0x0000000081d00000| Untracked 
|  30|0x0000000081e00000, 0x0000000081f00000, 0x0000000081f00000|100%| O|  |TAMS 0x0000000081f00000, 0x0000000081e00000| Untracked 
|  31|0x0000000081f00000, 0x0000000082000000, 0x0000000082000000|100%| O|  |TAMS 0x0000000082000000, 0x0000000081f00000| Untracked 
|  32|0x0000000082000000, 0x0000000082100000, 0x0000000082100000|100%|HS|  |TAMS 0x0000000082100000, 0x0000000082000000| Complete 
|  33|0x0000000082100000, 0x0000000082200000, 0x0000000082200000|100%| O|  |TAMS 0x0000000082200000, 0x0000000082100000| Untracked 
|  34|0x0000000082200000, 0x0000000082300000, 0x0000000082300000|100%| O|  |TAMS 0x0000000082300000, 0x0000000082200000| Untracked 
|  35|0x0000000082300000, 0x0000000082400000, 0x0000000082400000|100%|HS|  |TAMS 0x0000000082400000, 0x0000000082300000| Complete 
|  36|0x0000000082400000, 0x0000000082500000, 0x0000000082500000|100%| O|  |TAMS 0x0000000082500000, 0x0000000082400000| Untracked 
|  37|0x0000000082500000, 0x0000000082600000, 0x0000000082600000|100%| O|  |TAMS 0x0000000082600000, 0x0000000082500000| Untracked 
|  38|0x0000000082600000, 0x0000000082700000, 0x0000000082700000|100%| O|  |TAMS 0x0000000082700000, 0x0000000082600000| Untracked 
|  39|0x0000000082700000, 0x0000000082800000, 0x0000000082800000|100%| O|  |TAMS 0x0000000082800000, 0x0000000082700000| Untracked 
|  40|0x0000000082800000, 0x0000000082900000, 0x0000000082900000|100%| O|  |TAMS 0x0000000082900000, 0x0000000082800000| Untracked 
|  41|0x0000000082900000, 0x0000000082a00000, 0x0000000082a00000|100%| O|  |TAMS 0x0000000082a00000, 0x0000000082900000| Untracked 
|  42|0x0000000082a00000, 0x0000000082b00000, 0x0000000082b00000|100%|HS|  |TAMS 0x0000000082b00000, 0x0000000082a00000| Complete 
|  43|0x0000000082b00000, 0x0000000082c00000, 0x0000000082c00000|100%|HC|  |TAMS 0x0000000082c00000, 0x0000000082b00000| Complete 
|  44|0x0000000082c00000, 0x0000000082d00000, 0x0000000082d00000|100%| O|  |TAMS 0x0000000082d00000, 0x0000000082c00000| Untracked 
|  45|0x0000000082d00000, 0x0000000082e00000, 0x0000000082e00000|100%| O|  |TAMS 0x0000000082e00000, 0x0000000082d00000| Untracked 
|  46|0x0000000082e00000, 0x0000000082f00000, 0x0000000082f00000|100%| O|  |TAMS 0x0000000082f00000, 0x0000000082e00000| Untracked 
|  47|0x0000000082f00000, 0x0000000083000000, 0x0000000083000000|100%| O|  |TAMS 0x0000000083000000, 0x0000000082f00000| Untracked 
|  48|0x0000000083000000, 0x0000000083100000, 0x0000000083100000|100%| O|  |TAMS 0x0000000083100000, 0x0000000083000000| Untracked 
|  49|0x0000000083100000, 0x0000000083200000, 0x0000000083200000|100%| O|  |TAMS 0x0000000083200000, 0x0000000083100000| Untracked 
|  50|0x0000000083200000, 0x0000000083300000, 0x0000000083300000|100%| O|  |TAMS 0x0000000083200000, 0x0000000083200000| Untracked 
|  51|0x0000000083300000, 0x0000000083400000, 0x0000000083400000|100%| O|  |TAMS 0x0000000083400000, 0x0000000083300000| Untracked 
|  52|0x0000000083400000, 0x0000000083500000, 0x0000000083500000|100%| O|  |TAMS 0x0000000083500000, 0x0000000083400000| Untracked 
|  53|0x0000000083500000, 0x0000000083600000, 0x0000000083600000|100%| O|  |TAMS 0x0000000083600000, 0x0000000083500000| Untracked 
|  54|0x0000000083600000, 0x0000000083700000, 0x0000000083700000|100%| O|  |TAMS 0x0000000083700000, 0x0000000083600000| Untracked 
|  55|0x0000000083700000, 0x0000000083800000, 0x0000000083800000|100%| O|  |TAMS 0x0000000083800000, 0x0000000083700000| Untracked 
|  56|0x0000000083800000, 0x0000000083900000, 0x0000000083900000|100%| O|  |TAMS 0x0000000083900000, 0x0000000083800000| Untracked 
|  57|0x0000000083900000, 0x0000000083a00000, 0x0000000083a00000|100%| O|  |TAMS 0x0000000083a00000, 0x0000000083900000| Untracked 
|  58|0x0000000083a00000, 0x0000000083b00000, 0x0000000083b00000|100%| O|  |TAMS 0x0000000083b00000, 0x0000000083a00000| Untracked 
|  59|0x0000000083b00000, 0x0000000083c00000, 0x0000000083c00000|100%| O|  |TAMS 0x0000000083c00000, 0x0000000083b00000| Untracked 
|  60|0x0000000083c00000, 0x0000000083d00000, 0x0000000083d00000|100%| O|  |TAMS 0x0000000083d00000, 0x0000000083c00000| Untracked 
|  61|0x0000000083d00000, 0x0000000083e00000, 0x0000000083e00000|100%| O|  |TAMS 0x0000000083e00000, 0x0000000083d00000| Untracked 
|  62|0x0000000083e00000, 0x0000000083f00000, 0x0000000083f00000|100%| O|  |TAMS 0x0000000083f00000, 0x0000000083e00000| Untracked 
|  63|0x0000000083f00000, 0x0000000084000000, 0x0000000084000000|100%| O|  |TAMS 0x0000000084000000, 0x0000000083f00000| Untracked 
|  64|0x0000000084000000, 0x0000000084100000, 0x0000000084100000|100%| O|  |TAMS 0x0000000084100000, 0x0000000084000000| Untracked 
|  65|0x0000000084100000, 0x0000000084200000, 0x0000000084200000|100%| O|  |TAMS 0x0000000084200000, 0x0000000084100000| Untracked 
|  66|0x0000000084200000, 0x0000000084300000, 0x0000000084300000|100%| O|  |TAMS 0x0000000084300000, 0x0000000084200000| Untracked 
|  67|0x0000000084300000, 0x0000000084400000, 0x0000000084400000|100%| O|  |TAMS 0x0000000084400000, 0x0000000084300000| Untracked 
|  68|0x0000000084400000, 0x0000000084500000, 0x0000000084500000|100%| O|  |TAMS 0x0000000084500000, 0x0000000084400000| Untracked 
|  69|0x0000000084500000, 0x0000000084600000, 0x0000000084600000|100%| O|  |TAMS 0x0000000084600000, 0x0000000084500000| Untracked 
|  70|0x0000000084600000, 0x0000000084700000, 0x0000000084700000|100%| O|  |TAMS 0x0000000084700000, 0x0000000084600000| Untracked 
|  71|0x0000000084700000, 0x0000000084800000, 0x0000000084800000|100%| O|  |TAMS 0x0000000084800000, 0x0000000084700000| Untracked 
|  72|0x0000000084800000, 0x0000000084900000, 0x0000000084900000|100%| O|  |TAMS 0x0000000084900000, 0x0000000084800000| Untracked 
|  73|0x0000000084900000, 0x0000000084a00000, 0x0000000084a00000|100%| O|  |TAMS 0x0000000084a00000, 0x0000000084900000| Untracked 
|  74|0x0000000084a00000, 0x0000000084b00000, 0x0000000084b00000|100%| O|  |TAMS 0x0000000084b00000, 0x0000000084a00000| Untracked 
|  75|0x0000000084b00000, 0x0000000084c00000, 0x0000000084c00000|100%| O|  |TAMS 0x0000000084c00000, 0x0000000084b00000| Untracked 
|  76|0x0000000084c00000, 0x0000000084d00000, 0x0000000084d00000|100%| O|  |TAMS 0x0000000084d00000, 0x0000000084c00000| Untracked 
|  77|0x0000000084d00000, 0x0000000084e00000, 0x0000000084e00000|100%| O|  |TAMS 0x0000000084e00000, 0x0000000084d00000| Untracked 
|  78|0x0000000084e00000, 0x0000000084f00000, 0x0000000084f00000|100%| O|  |TAMS 0x0000000084f00000, 0x0000000084e00000| Untracked 
|  79|0x0000000084f00000, 0x0000000085000000, 0x0000000085000000|100%| O|  |TAMS 0x0000000085000000, 0x0000000084f00000| Untracked 
|  80|0x0000000085000000, 0x0000000085100000, 0x0000000085100000|100%| O|  |TAMS 0x0000000085100000, 0x0000000085000000| Untracked 
|  81|0x0000000085100000, 0x0000000085200000, 0x0000000085200000|100%| O|  |TAMS 0x0000000085100000, 0x0000000085100000| Untracked 
|  82|0x0000000085200000, 0x0000000085300000, 0x0000000085300000|100%| O|  |TAMS 0x0000000085300000, 0x0000000085200000| Untracked 
|  83|0x0000000085300000, 0x0000000085400000, 0x0000000085400000|100%| O|  |TAMS 0x0000000085400000, 0x0000000085300000| Untracked 
|  84|0x0000000085400000, 0x0000000085500000, 0x0000000085500000|100%| O|  |TAMS 0x0000000085500000, 0x0000000085400000| Untracked 
|  85|0x0000000085500000, 0x0000000085600000, 0x0000000085600000|100%| O|  |TAMS 0x0000000085600000, 0x0000000085500000| Untracked 
|  86|0x0000000085600000, 0x0000000085700000, 0x0000000085700000|100%| O|  |TAMS 0x0000000085700000, 0x0000000085600000| Untracked 
|  87|0x0000000085700000, 0x0000000085800000, 0x0000000085800000|100%| O|  |TAMS 0x0000000085800000, 0x0000000085700000| Untracked 
|  88|0x0000000085800000, 0x0000000085900000, 0x0000000085900000|100%| O|  |TAMS 0x0000000085900000, 0x0000000085800000| Untracked 
|  89|0x0000000085900000, 0x0000000085a00000, 0x0000000085a00000|100%| O|  |TAMS 0x0000000085a00000, 0x0000000085900000| Untracked 
|  90|0x0000000085a00000, 0x0000000085b00000, 0x0000000085b00000|100%| O|  |TAMS 0x0000000085b00000, 0x0000000085a00000| Untracked 
|  91|0x0000000085b00000, 0x0000000085c00000, 0x0000000085c00000|100%| O|  |TAMS 0x0000000085c00000, 0x0000000085b00000| Untracked 
|  92|0x0000000085c00000, 0x0000000085d00000, 0x0000000085d00000|100%| O|  |TAMS 0x0000000085d00000, 0x0000000085c00000| Untracked 
|  93|0x0000000085d00000, 0x0000000085e00000, 0x0000000085e00000|100%| O|  |TAMS 0x0000000085e00000, 0x0000000085d00000| Untracked 
|  94|0x0000000085e00000, 0x0000000085f00000, 0x0000000085f00000|100%| O|  |TAMS 0x0000000085e4f000, 0x0000000085e00000| Untracked 
|  95|0x0000000085f00000, 0x0000000086000000, 0x0000000086000000|100%| O|  |TAMS 0x0000000085f00000, 0x0000000085f00000| Untracked 
|  96|0x0000000086000000, 0x0000000086100000, 0x0000000086100000|100%| O|  |TAMS 0x0000000086000000, 0x0000000086000000| Untracked 
|  97|0x0000000086100000, 0x0000000086200000, 0x0000000086200000|100%| O|  |TAMS 0x0000000086100000, 0x0000000086100000| Untracked 
|  98|0x0000000086200000, 0x0000000086300000, 0x0000000086300000|100%| O|  |TAMS 0x0000000086200000, 0x0000000086200000| Untracked 
|  99|0x0000000086300000, 0x0000000086400000, 0x0000000086400000|100%| O|  |TAMS 0x0000000086300000, 0x0000000086300000| Untracked 
| 100|0x0000000086400000, 0x0000000086500000, 0x0000000086500000|100%| O|  |TAMS 0x0000000086400000, 0x0000000086400000| Untracked 
| 101|0x0000000086500000, 0x0000000086600000, 0x0000000086600000|100%| O|  |TAMS 0x0000000086500000, 0x0000000086500000| Untracked 
| 102|0x0000000086600000, 0x0000000086700000, 0x0000000086700000|100%| O|  |TAMS 0x0000000086600000, 0x0000000086600000| Untracked 
| 103|0x0000000086700000, 0x0000000086800000, 0x0000000086800000|100%| O|  |TAMS 0x0000000086700000, 0x0000000086700000| Untracked 
| 104|0x0000000086800000, 0x0000000086900000, 0x0000000086900000|100%| O|  |TAMS 0x0000000086800000, 0x0000000086800000| Untracked 
| 105|0x0000000086900000, 0x0000000086a00000, 0x0000000086a00000|100%| O|  |TAMS 0x0000000086900000, 0x0000000086900000| Untracked 
| 106|0x0000000086a00000, 0x0000000086b00000, 0x0000000086b00000|100%| O|  |TAMS 0x0000000086a00000, 0x0000000086a00000| Untracked 
| 107|0x0000000086b00000, 0x0000000086c00000, 0x0000000086c00000|100%| O|  |TAMS 0x0000000086b00000, 0x0000000086b00000| Untracked 
| 108|0x0000000086c00000, 0x0000000086d00000, 0x0000000086d00000|100%| O|  |TAMS 0x0000000086c00000, 0x0000000086c00000| Untracked 
| 109|0x0000000086d00000, 0x0000000086e00000, 0x0000000086e00000|100%| O|  |TAMS 0x0000000086d00000, 0x0000000086d00000| Untracked 
| 110|0x0000000086e00000, 0x0000000086f00000, 0x0000000086f00000|100%| O|  |TAMS 0x0000000086e00000, 0x0000000086e00000| Untracked 
| 111|0x0000000086f00000, 0x0000000087000000, 0x0000000087000000|100%|HS|  |TAMS 0x0000000086f00000, 0x0000000086f00000| Complete 
| 112|0x0000000087000000, 0x0000000087100000, 0x0000000087100000|100%|HC|  |TAMS 0x0000000087000000, 0x0000000087000000| Complete 
| 113|0x0000000087100000, 0x0000000087200000, 0x0000000087200000|100%| O|  |TAMS 0x0000000087200000, 0x0000000087100000| Untracked 
| 114|0x0000000087200000, 0x0000000087300000, 0x0000000087300000|100%| O|  |TAMS 0x0000000087300000, 0x0000000087200000| Untracked 
| 115|0x0000000087300000, 0x0000000087400000, 0x0000000087400000|100%| O|  |TAMS 0x0000000087300000, 0x0000000087300000| Untracked 
| 116|0x0000000087400000, 0x0000000087500000, 0x0000000087500000|100%| O|  |TAMS 0x0000000087400000, 0x0000000087400000| Untracked 
| 117|0x0000000087500000, 0x0000000087600000, 0x0000000087600000|100%| O|  |TAMS 0x0000000087500000, 0x0000000087500000| Untracked 
| 118|0x0000000087600000, 0x0000000087700000, 0x0000000087700000|100%| O|  |TAMS 0x0000000087600000, 0x0000000087600000| Untracked 
| 119|0x0000000087700000, 0x0000000087800000, 0x0000000087800000|100%| O|  |TAMS 0x0000000087700000, 0x0000000087700000| Untracked 
| 120|0x0000000087800000, 0x0000000087900000, 0x0000000087900000|100%| O|  |TAMS 0x0000000087800000, 0x0000000087800000| Untracked 
| 121|0x0000000087900000, 0x0000000087a00000, 0x0000000087a00000|100%| O|  |TAMS 0x0000000087a00000, 0x0000000087900000| Untracked 
| 122|0x0000000087a00000, 0x0000000087b00000, 0x0000000087b00000|100%| O|  |TAMS 0x0000000087a00000, 0x0000000087a00000| Untracked 
| 123|0x0000000087b00000, 0x0000000087c00000, 0x0000000087c00000|100%| O|  |TAMS 0x0000000087b00000, 0x0000000087b00000| Untracked 
| 124|0x0000000087c00000, 0x0000000087d00000, 0x0000000087d00000|100%| O|  |TAMS 0x0000000087c00000, 0x0000000087c00000| Untracked 
| 125|0x0000000087d00000, 0x0000000087e00000, 0x0000000087e00000|100%| O|  |TAMS 0x0000000087e00000, 0x0000000087d00000| Untracked 
| 126|0x0000000087e00000, 0x0000000087f00000, 0x0000000087f00000|100%| O|  |TAMS 0x0000000087e00000, 0x0000000087e00000| Untracked 
| 127|0x0000000087f00000, 0x0000000088000000, 0x0000000088000000|100%| O|  |TAMS 0x0000000087f00000, 0x0000000087f00000| Untracked 
| 128|0x0000000088000000, 0x0000000088100000, 0x0000000088100000|100%| O|  |TAMS 0x0000000088000000, 0x0000000088000000| Untracked 
| 129|0x0000000088100000, 0x0000000088200000, 0x0000000088200000|100%| O|  |TAMS 0x0000000088100000, 0x0000000088100000| Untracked 
| 130|0x0000000088200000, 0x0000000088300000, 0x0000000088300000|100%| O|  |TAMS 0x0000000088200000, 0x0000000088200000| Untracked 
| 131|0x0000000088300000, 0x0000000088400000, 0x0000000088400000|100%| O|  |TAMS 0x0000000088300000, 0x0000000088300000| Untracked 
| 132|0x0000000088400000, 0x0000000088500000, 0x0000000088500000|100%| O|  |TAMS 0x0000000088400000, 0x0000000088400000| Untracked 
| 133|0x0000000088500000, 0x0000000088600000, 0x0000000088600000|100%| O|  |TAMS 0x0000000088500000, 0x0000000088500000| Untracked 
| 134|0x0000000088600000, 0x0000000088700000, 0x0000000088700000|100%| O|  |TAMS 0x0000000088600000, 0x0000000088600000| Untracked 
| 135|0x0000000088700000, 0x0000000088800000, 0x0000000088800000|100%| O|  |TAMS 0x0000000088700000, 0x0000000088700000| Untracked 
| 136|0x0000000088800000, 0x0000000088900000, 0x0000000088900000|100%| O|  |TAMS 0x0000000088800000, 0x0000000088800000| Untracked 
| 137|0x0000000088900000, 0x0000000088a00000, 0x0000000088a00000|100%| O|  |TAMS 0x0000000088900000, 0x0000000088900000| Untracked 
| 138|0x0000000088a00000, 0x0000000088b00000, 0x0000000088b00000|100%| O|  |TAMS 0x0000000088a00000, 0x0000000088a00000| Untracked 
| 139|0x0000000088b00000, 0x0000000088c00000, 0x0000000088c00000|100%| O|  |TAMS 0x0000000088b00000, 0x0000000088b00000| Untracked 
| 140|0x0000000088c00000, 0x0000000088d00000, 0x0000000088d00000|100%| O|  |TAMS 0x0000000088c00000, 0x0000000088c00000| Untracked 
| 141|0x0000000088d00000, 0x0000000088e00000, 0x0000000088e00000|100%| O|  |TAMS 0x0000000088d00000, 0x0000000088d00000| Untracked 
| 142|0x0000000088e00000, 0x0000000088e9ee00, 0x0000000088f00000| 62%| O|  |TAMS 0x0000000088e00000, 0x0000000088e00000| Untracked 
| 143|0x0000000088f00000, 0x0000000088f00000, 0x0000000089000000|  0%| F|  |TAMS 0x0000000088f00000, 0x0000000088f00000| Untracked 
| 144|0x0000000089000000, 0x0000000089000000, 0x0000000089100000|  0%| F|  |TAMS 0x0000000089000000, 0x0000000089000000| Untracked 
| 145|0x0000000089100000, 0x0000000089100000, 0x0000000089200000|  0%| F|  |TAMS 0x0000000089100000, 0x0000000089100000| Untracked 
| 146|0x0000000089200000, 0x0000000089200000, 0x0000000089300000|  0%| F|  |TAMS 0x0000000089200000, 0x0000000089200000| Untracked 
| 147|0x0000000089300000, 0x0000000089300000, 0x0000000089400000|  0%| F|  |TAMS 0x0000000089300000, 0x0000000089300000| Untracked 
| 148|0x0000000089400000, 0x0000000089400000, 0x0000000089500000|  0%| F|  |TAMS 0x0000000089400000, 0x0000000089400000| Untracked 
| 149|0x0000000089500000, 0x0000000089500000, 0x0000000089600000|  0%| F|  |TAMS 0x0000000089500000, 0x0000000089500000| Untracked 
| 150|0x0000000089600000, 0x0000000089600000, 0x0000000089700000|  0%| F|  |TAMS 0x0000000089600000, 0x0000000089600000| Untracked 
| 151|0x0000000089700000, 0x0000000089700000, 0x0000000089800000|  0%| F|  |TAMS 0x0000000089700000, 0x0000000089700000| Untracked 
| 152|0x0000000089800000, 0x0000000089800000, 0x0000000089900000|  0%| F|  |TAMS 0x0000000089800000, 0x0000000089800000| Untracked 
| 153|0x0000000089900000, 0x0000000089900000, 0x0000000089a00000|  0%| F|  |TAMS 0x0000000089900000, 0x0000000089900000| Untracked 
| 154|0x0000000089a00000, 0x0000000089a00000, 0x0000000089b00000|  0%| F|  |TAMS 0x0000000089a00000, 0x0000000089a00000| Untracked 
| 155|0x0000000089b00000, 0x0000000089b00000, 0x0000000089c00000|  0%| F|  |TAMS 0x0000000089b00000, 0x0000000089b00000| Untracked 
| 156|0x0000000089c00000, 0x0000000089c00000, 0x0000000089d00000|  0%| F|  |TAMS 0x0000000089c00000, 0x0000000089c00000| Untracked 
| 157|0x0000000089d00000, 0x0000000089d00000, 0x0000000089e00000|  0%| F|  |TAMS 0x0000000089d00000, 0x0000000089d00000| Untracked 
| 158|0x0000000089e00000, 0x0000000089e00000, 0x0000000089f00000|  0%| F|  |TAMS 0x0000000089e00000, 0x0000000089e00000| Untracked 
| 159|0x0000000089f00000, 0x0000000089f00000, 0x000000008a000000|  0%| F|  |TAMS 0x0000000089f00000, 0x0000000089f00000| Untracked 
| 160|0x000000008a000000, 0x000000008a000000, 0x000000008a100000|  0%| F|  |TAMS 0x000000008a000000, 0x000000008a000000| Untracked 
| 161|0x000000008a100000, 0x000000008a100000, 0x000000008a200000|  0%| F|  |TAMS 0x000000008a100000, 0x000000008a100000| Untracked 
| 162|0x000000008a200000, 0x000000008a200000, 0x000000008a300000|  0%| F|  |TAMS 0x000000008a200000, 0x000000008a200000| Untracked 
| 163|0x000000008a300000, 0x000000008a300000, 0x000000008a400000|  0%| F|  |TAMS 0x000000008a300000, 0x000000008a300000| Untracked 
| 164|0x000000008a400000, 0x000000008a400000, 0x000000008a500000|  0%| F|  |TAMS 0x000000008a400000, 0x000000008a400000| Untracked 
| 165|0x000000008a500000, 0x000000008a500000, 0x000000008a600000|  0%| F|  |TAMS 0x000000008a500000, 0x000000008a500000| Untracked 
| 166|0x000000008a600000, 0x000000008a600000, 0x000000008a700000|  0%| F|  |TAMS 0x000000008a600000, 0x000000008a600000| Untracked 
| 167|0x000000008a700000, 0x000000008a700000, 0x000000008a800000|  0%| F|  |TAMS 0x000000008a700000, 0x000000008a700000| Untracked 
| 168|0x000000008a800000, 0x000000008a800000, 0x000000008a900000|  0%| F|  |TAMS 0x000000008a800000, 0x000000008a800000| Untracked 
| 169|0x000000008a900000, 0x000000008a900000, 0x000000008aa00000|  0%| F|  |TAMS 0x000000008a900000, 0x000000008a900000| Untracked 
| 170|0x000000008aa00000, 0x000000008aa00000, 0x000000008ab00000|  0%| F|  |TAMS 0x000000008aa00000, 0x000000008aa00000| Untracked 
| 171|0x000000008ab00000, 0x000000008ab00000, 0x000000008ac00000|  0%| F|  |TAMS 0x000000008ab00000, 0x000000008ab00000| Untracked 
| 172|0x000000008ac00000, 0x000000008ac00000, 0x000000008ad00000|  0%| F|  |TAMS 0x000000008ac00000, 0x000000008ac00000| Untracked 
| 173|0x000000008ad00000, 0x000000008ad00000, 0x000000008ae00000|  0%| F|  |TAMS 0x000000008ad00000, 0x000000008ad00000| Untracked 
| 174|0x000000008ae00000, 0x000000008ae00000, 0x000000008af00000|  0%| F|  |TAMS 0x000000008ae00000, 0x000000008ae00000| Untracked 
| 175|0x000000008af00000, 0x000000008af00000, 0x000000008b000000|  0%| F|  |TAMS 0x000000008af00000, 0x000000008af00000| Untracked 
| 176|0x000000008b000000, 0x000000008b000000, 0x000000008b100000|  0%| F|  |TAMS 0x000000008b000000, 0x000000008b000000| Untracked 
| 177|0x000000008b100000, 0x000000008b100000, 0x000000008b200000|  0%| F|  |TAMS 0x000000008b100000, 0x000000008b100000| Untracked 
| 178|0x000000008b200000, 0x000000008b200000, 0x000000008b300000|  0%| F|  |TAMS 0x000000008b200000, 0x000000008b200000| Untracked 
| 179|0x000000008b300000, 0x000000008b300000, 0x000000008b400000|  0%| F|  |TAMS 0x000000008b300000, 0x000000008b300000| Untracked 
| 180|0x000000008b400000, 0x000000008b400000, 0x000000008b500000|  0%| F|  |TAMS 0x000000008b400000, 0x000000008b400000| Untracked 
| 181|0x000000008b500000, 0x000000008b500000, 0x000000008b600000|  0%| F|  |TAMS 0x000000008b500000, 0x000000008b500000| Untracked 
| 182|0x000000008b600000, 0x000000008b600000, 0x000000008b700000|  0%| F|  |TAMS 0x000000008b600000, 0x000000008b600000| Untracked 
| 183|0x000000008b700000, 0x000000008b700000, 0x000000008b800000|  0%| F|  |TAMS 0x000000008b700000, 0x000000008b700000| Untracked 
| 184|0x000000008b800000, 0x000000008b800000, 0x000000008b900000|  0%| F|  |TAMS 0x000000008b800000, 0x000000008b800000| Untracked 
| 185|0x000000008b900000, 0x000000008b900000, 0x000000008ba00000|  0%| F|  |TAMS 0x000000008b900000, 0x000000008b900000| Untracked 
| 186|0x000000008ba00000, 0x000000008ba00000, 0x000000008bb00000|  0%| F|  |TAMS 0x000000008ba00000, 0x000000008ba00000| Untracked 
| 187|0x000000008bb00000, 0x000000008bb00000, 0x000000008bc00000|  0%| F|  |TAMS 0x000000008bb00000, 0x000000008bb00000| Untracked 
| 188|0x000000008bc00000, 0x000000008bc00000, 0x000000008bd00000|  0%| F|  |TAMS 0x000000008bc00000, 0x000000008bc00000| Untracked 
| 189|0x000000008bd00000, 0x000000008bd00000, 0x000000008be00000|  0%| F|  |TAMS 0x000000008bd00000, 0x000000008bd00000| Untracked 
| 190|0x000000008be00000, 0x000000008be00000, 0x000000008bf00000|  0%| F|  |TAMS 0x000000008be00000, 0x000000008be00000| Untracked 
| 191|0x000000008bf00000, 0x000000008bf00000, 0x000000008c000000|  0%| F|  |TAMS 0x000000008bf00000, 0x000000008bf00000| Untracked 
| 192|0x000000008c000000, 0x000000008c000000, 0x000000008c100000|  0%| F|  |TAMS 0x000000008c000000, 0x000000008c000000| Untracked 
| 193|0x000000008c100000, 0x000000008c100000, 0x000000008c200000|  0%| F|  |TAMS 0x000000008c100000, 0x000000008c100000| Untracked 
| 194|0x000000008c200000, 0x000000008c200000, 0x000000008c300000|  0%| F|  |TAMS 0x000000008c200000, 0x000000008c200000| Untracked 
| 195|0x000000008c300000, 0x000000008c300000, 0x000000008c400000|  0%| F|  |TAMS 0x000000008c300000, 0x000000008c300000| Untracked 
| 196|0x000000008c400000, 0x000000008c400000, 0x000000008c500000|  0%| F|  |TAMS 0x000000008c400000, 0x000000008c400000| Untracked 
| 197|0x000000008c500000, 0x000000008c500000, 0x000000008c600000|  0%| F|  |TAMS 0x000000008c500000, 0x000000008c500000| Untracked 
| 198|0x000000008c600000, 0x000000008c600000, 0x000000008c700000|  0%| F|  |TAMS 0x000000008c600000, 0x000000008c600000| Untracked 
| 199|0x000000008c700000, 0x000000008c700000, 0x000000008c800000|  0%| F|  |TAMS 0x000000008c700000, 0x000000008c700000| Untracked 
| 200|0x000000008c800000, 0x000000008c800000, 0x000000008c900000|  0%| F|  |TAMS 0x000000008c800000, 0x000000008c800000| Untracked 
| 201|0x000000008c900000, 0x000000008c900000, 0x000000008ca00000|  0%| F|  |TAMS 0x000000008c900000, 0x000000008c900000| Untracked 
| 202|0x000000008ca00000, 0x000000008ca00000, 0x000000008cb00000|  0%| F|  |TAMS 0x000000008ca00000, 0x000000008ca00000| Untracked 
| 203|0x000000008cb00000, 0x000000008cb00000, 0x000000008cc00000|  0%| F|  |TAMS 0x000000008cb00000, 0x000000008cb00000| Untracked 
| 204|0x000000008cc00000, 0x000000008cc00000, 0x000000008cd00000|  0%| F|  |TAMS 0x000000008cc00000, 0x000000008cc00000| Untracked 
| 205|0x000000008cd00000, 0x000000008cd00000, 0x000000008ce00000|  0%| F|  |TAMS 0x000000008cd00000, 0x000000008cd00000| Untracked 
| 206|0x000000008ce00000, 0x000000008ce00000, 0x000000008cf00000|  0%| F|  |TAMS 0x000000008ce00000, 0x000000008ce00000| Untracked 
| 207|0x000000008cf00000, 0x000000008cf00000, 0x000000008d000000|  0%| F|  |TAMS 0x000000008cf00000, 0x000000008cf00000| Untracked 
| 208|0x000000008d000000, 0x000000008d000000, 0x000000008d100000|  0%| F|  |TAMS 0x000000008d000000, 0x000000008d000000| Untracked 
| 209|0x000000008d100000, 0x000000008d100000, 0x000000008d200000|  0%| F|  |TAMS 0x000000008d100000, 0x000000008d100000| Untracked 
| 210|0x000000008d200000, 0x000000008d200000, 0x000000008d300000|  0%| F|  |TAMS 0x000000008d200000, 0x000000008d200000| Untracked 
| 211|0x000000008d300000, 0x000000008d300000, 0x000000008d400000|  0%| F|  |TAMS 0x000000008d300000, 0x000000008d300000| Untracked 
| 212|0x000000008d400000, 0x000000008d400000, 0x000000008d500000|  0%| F|  |TAMS 0x000000008d400000, 0x000000008d400000| Untracked 
| 213|0x000000008d500000, 0x000000008d500000, 0x000000008d600000|  0%| F|  |TAMS 0x000000008d500000, 0x000000008d500000| Untracked 
| 214|0x000000008d600000, 0x000000008d600000, 0x000000008d700000|  0%| F|  |TAMS 0x000000008d600000, 0x000000008d600000| Untracked 
| 215|0x000000008d700000, 0x000000008d700000, 0x000000008d800000|  0%| F|  |TAMS 0x000000008d700000, 0x000000008d700000| Untracked 
| 216|0x000000008d800000, 0x000000008d800000, 0x000000008d900000|  0%| F|  |TAMS 0x000000008d800000, 0x000000008d800000| Untracked 
| 217|0x000000008d900000, 0x000000008d900000, 0x000000008da00000|  0%| F|  |TAMS 0x000000008d900000, 0x000000008d900000| Untracked 
| 218|0x000000008da00000, 0x000000008da00000, 0x000000008db00000|  0%| F|  |TAMS 0x000000008da00000, 0x000000008da00000| Untracked 
| 219|0x000000008db00000, 0x000000008db00000, 0x000000008dc00000|  0%| F|  |TAMS 0x000000008db00000, 0x000000008db00000| Untracked 
| 220|0x000000008dc00000, 0x000000008dc00000, 0x000000008dd00000|  0%| F|  |TAMS 0x000000008dc00000, 0x000000008dc00000| Untracked 
| 221|0x000000008dd00000, 0x000000008dd00000, 0x000000008de00000|  0%| F|  |TAMS 0x000000008dd00000, 0x000000008dd00000| Untracked 
| 222|0x000000008de00000, 0x000000008de00000, 0x000000008df00000|  0%| F|  |TAMS 0x000000008de00000, 0x000000008de00000| Untracked 
| 223|0x000000008df00000, 0x000000008df00000, 0x000000008e000000|  0%| F|  |TAMS 0x000000008df00000, 0x000000008df00000| Untracked 
| 224|0x000000008e000000, 0x000000008e000000, 0x000000008e100000|  0%| F|  |TAMS 0x000000008e000000, 0x000000008e000000| Untracked 
| 225|0x000000008e100000, 0x000000008e100000, 0x000000008e200000|  0%| F|  |TAMS 0x000000008e100000, 0x000000008e100000| Untracked 
| 226|0x000000008e200000, 0x000000008e200000, 0x000000008e300000|  0%| F|  |TAMS 0x000000008e200000, 0x000000008e200000| Untracked 
| 227|0x000000008e300000, 0x000000008e300000, 0x000000008e400000|  0%| F|  |TAMS 0x000000008e300000, 0x000000008e300000| Untracked 
| 228|0x000000008e400000, 0x000000008e400000, 0x000000008e500000|  0%| F|  |TAMS 0x000000008e400000, 0x000000008e400000| Untracked 
| 229|0x000000008e500000, 0x000000008e500000, 0x000000008e600000|  0%| F|  |TAMS 0x000000008e500000, 0x000000008e500000| Untracked 
| 230|0x000000008e600000, 0x000000008e600000, 0x000000008e700000|  0%| F|  |TAMS 0x000000008e600000, 0x000000008e600000| Untracked 
| 231|0x000000008e700000, 0x000000008e700000, 0x000000008e800000|  0%| F|  |TAMS 0x000000008e700000, 0x000000008e700000| Untracked 
| 232|0x000000008e800000, 0x000000008e800000, 0x000000008e900000|  0%| F|  |TAMS 0x000000008e800000, 0x000000008e800000| Untracked 
| 233|0x000000008e900000, 0x000000008e900000, 0x000000008ea00000|  0%| F|  |TAMS 0x000000008e900000, 0x000000008e900000| Untracked 
| 234|0x000000008ea00000, 0x000000008ea00000, 0x000000008eb00000|  0%| F|  |TAMS 0x000000008ea00000, 0x000000008ea00000| Untracked 
| 235|0x000000008eb00000, 0x000000008eb00000, 0x000000008ec00000|  0%| F|  |TAMS 0x000000008eb00000, 0x000000008eb00000| Untracked 
| 236|0x000000008ec00000, 0x000000008ec00000, 0x000000008ed00000|  0%| F|  |TAMS 0x000000008ec00000, 0x000000008ec00000| Untracked 
| 237|0x000000008ed00000, 0x000000008ed00000, 0x000000008ee00000|  0%| F|  |TAMS 0x000000008ed00000, 0x000000008ed00000| Untracked 
| 238|0x000000008ee00000, 0x000000008ee00000, 0x000000008ef00000|  0%| F|  |TAMS 0x000000008ee00000, 0x000000008ee00000| Untracked 
| 239|0x000000008ef00000, 0x000000008ef00000, 0x000000008f000000|  0%| F|  |TAMS 0x000000008ef00000, 0x000000008ef00000| Untracked 
| 240|0x000000008f000000, 0x000000008f000000, 0x000000008f100000|  0%| F|  |TAMS 0x000000008f000000, 0x000000008f000000| Untracked 
| 241|0x000000008f100000, 0x000000008f100000, 0x000000008f200000|  0%| F|  |TAMS 0x000000008f100000, 0x000000008f100000| Untracked 
| 242|0x000000008f200000, 0x000000008f200000, 0x000000008f300000|  0%| F|  |TAMS 0x000000008f200000, 0x000000008f200000| Untracked 
| 243|0x000000008f300000, 0x000000008f300000, 0x000000008f400000|  0%| F|  |TAMS 0x000000008f300000, 0x000000008f300000| Untracked 
| 244|0x000000008f400000, 0x000000008f400000, 0x000000008f500000|  0%| F|  |TAMS 0x000000008f400000, 0x000000008f400000| Untracked 
| 245|0x000000008f500000, 0x000000008f500000, 0x000000008f600000|  0%| F|  |TAMS 0x000000008f500000, 0x000000008f500000| Untracked 
| 246|0x000000008f600000, 0x000000008f600000, 0x000000008f700000|  0%| F|  |TAMS 0x000000008f600000, 0x000000008f600000| Untracked 
| 247|0x000000008f700000, 0x000000008f700000, 0x000000008f800000|  0%| F|  |TAMS 0x000000008f700000, 0x000000008f700000| Untracked 
| 248|0x000000008f800000, 0x000000008f800000, 0x000000008f900000|  0%| F|  |TAMS 0x000000008f800000, 0x000000008f800000| Untracked 
| 249|0x000000008f900000, 0x000000008f900000, 0x000000008fa00000|  0%| F|  |TAMS 0x000000008f900000, 0x000000008f900000| Untracked 
| 250|0x000000008fa00000, 0x000000008fa00000, 0x000000008fb00000|  0%| F|  |TAMS 0x000000008fa00000, 0x000000008fa00000| Untracked 
| 251|0x000000008fb00000, 0x000000008fb00000, 0x000000008fc00000|  0%| F|  |TAMS 0x000000008fb00000, 0x000000008fb00000| Untracked 
| 252|0x000000008fc00000, 0x000000008fc00000, 0x000000008fd00000|  0%| F|  |TAMS 0x000000008fc00000, 0x000000008fc00000| Untracked 
| 253|0x000000008fd00000, 0x000000008fd00000, 0x000000008fe00000|  0%| F|  |TAMS 0x000000008fd00000, 0x000000008fd00000| Untracked 
| 254|0x000000008fe00000, 0x000000008fe00000, 0x000000008ff00000|  0%| F|  |TAMS 0x000000008fe00000, 0x000000008fe00000| Untracked 
| 255|0x000000008ff00000, 0x000000008ff00000, 0x0000000090000000|  0%| F|  |TAMS 0x000000008ff00000, 0x000000008ff00000| Untracked 
| 256|0x0000000090000000, 0x0000000090000000, 0x0000000090100000|  0%| F|  |TAMS 0x0000000090000000, 0x0000000090000000| Untracked 
| 257|0x0000000090100000, 0x0000000090100000, 0x0000000090200000|  0%| F|  |TAMS 0x0000000090100000, 0x0000000090100000| Untracked 
| 258|0x0000000090200000, 0x0000000090200000, 0x0000000090300000|  0%| F|  |TAMS 0x0000000090200000, 0x0000000090200000| Untracked 
| 259|0x0000000090300000, 0x0000000090300000, 0x0000000090400000|  0%| F|  |TAMS 0x0000000090300000, 0x0000000090300000| Untracked 
| 260|0x0000000090400000, 0x0000000090400000, 0x0000000090500000|  0%| F|  |TAMS 0x0000000090400000, 0x0000000090400000| Untracked 
| 261|0x0000000090500000, 0x0000000090500000, 0x0000000090600000|  0%| F|  |TAMS 0x0000000090500000, 0x0000000090500000| Untracked 
| 262|0x0000000090600000, 0x0000000090600000, 0x0000000090700000|  0%| F|  |TAMS 0x0000000090600000, 0x0000000090600000| Untracked 
| 263|0x0000000090700000, 0x0000000090700000, 0x0000000090800000|  0%| F|  |TAMS 0x0000000090700000, 0x0000000090700000| Untracked 
| 264|0x0000000090800000, 0x0000000090800000, 0x0000000090900000|  0%| F|  |TAMS 0x0000000090800000, 0x0000000090800000| Untracked 
| 265|0x0000000090900000, 0x0000000090900000, 0x0000000090a00000|  0%| F|  |TAMS 0x0000000090900000, 0x0000000090900000| Untracked 
| 266|0x0000000090a00000, 0x0000000090a00000, 0x0000000090b00000|  0%| F|  |TAMS 0x0000000090a00000, 0x0000000090a00000| Untracked 
| 267|0x0000000090b00000, 0x0000000090b00000, 0x0000000090c00000|  0%| F|  |TAMS 0x0000000090b00000, 0x0000000090b00000| Untracked 
| 268|0x0000000090c00000, 0x0000000090c00000, 0x0000000090d00000|  0%| F|  |TAMS 0x0000000090c00000, 0x0000000090c00000| Untracked 
| 269|0x0000000090d00000, 0x0000000090d00000, 0x0000000090e00000|  0%| F|  |TAMS 0x0000000090d00000, 0x0000000090d00000| Untracked 
| 270|0x0000000090e00000, 0x0000000090e00000, 0x0000000090f00000|  0%| F|  |TAMS 0x0000000090e00000, 0x0000000090e00000| Untracked 
| 271|0x0000000090f00000, 0x0000000090f00000, 0x0000000091000000|  0%| F|  |TAMS 0x0000000090f00000, 0x0000000090f00000| Untracked 
| 272|0x0000000091000000, 0x0000000091000000, 0x0000000091100000|  0%| F|  |TAMS 0x0000000091000000, 0x0000000091000000| Untracked 
| 273|0x0000000091100000, 0x0000000091100000, 0x0000000091200000|  0%| F|  |TAMS 0x0000000091100000, 0x0000000091100000| Untracked 
| 274|0x0000000091200000, 0x0000000091200000, 0x0000000091300000|  0%| F|  |TAMS 0x0000000091200000, 0x0000000091200000| Untracked 
| 275|0x0000000091300000, 0x0000000091300000, 0x0000000091400000|  0%| F|  |TAMS 0x0000000091300000, 0x0000000091300000| Untracked 
| 276|0x0000000091400000, 0x0000000091400000, 0x0000000091500000|  0%| F|  |TAMS 0x0000000091400000, 0x0000000091400000| Untracked 
| 277|0x0000000091500000, 0x0000000091500000, 0x0000000091600000|  0%| F|  |TAMS 0x0000000091500000, 0x0000000091500000| Untracked 
| 278|0x0000000091600000, 0x0000000091600000, 0x0000000091700000|  0%| F|  |TAMS 0x0000000091600000, 0x0000000091600000| Untracked 
| 279|0x0000000091700000, 0x0000000091700000, 0x0000000091800000|  0%| F|  |TAMS 0x0000000091700000, 0x0000000091700000| Untracked 
| 280|0x0000000091800000, 0x0000000091800000, 0x0000000091900000|  0%| F|  |TAMS 0x0000000091800000, 0x0000000091800000| Untracked 
| 281|0x0000000091900000, 0x0000000091900000, 0x0000000091a00000|  0%| F|  |TAMS 0x0000000091900000, 0x0000000091900000| Untracked 
| 282|0x0000000091a00000, 0x0000000091a00000, 0x0000000091b00000|  0%| F|  |TAMS 0x0000000091a00000, 0x0000000091a00000| Untracked 
| 283|0x0000000091b00000, 0x0000000091b00000, 0x0000000091c00000|  0%| F|  |TAMS 0x0000000091b00000, 0x0000000091b00000| Untracked 
| 284|0x0000000091c00000, 0x0000000091c00000, 0x0000000091d00000|  0%| F|  |TAMS 0x0000000091c00000, 0x0000000091c00000| Untracked 
| 285|0x0000000091d00000, 0x0000000091d00000, 0x0000000091e00000|  0%| F|  |TAMS 0x0000000091d00000, 0x0000000091d00000| Untracked 
| 286|0x0000000091e00000, 0x0000000091e00000, 0x0000000091f00000|  0%| F|  |TAMS 0x0000000091e00000, 0x0000000091e00000| Untracked 
| 287|0x0000000091f00000, 0x0000000091f00000, 0x0000000092000000|  0%| F|  |TAMS 0x0000000091f00000, 0x0000000091f00000| Untracked 
| 288|0x0000000092000000, 0x0000000092000000, 0x0000000092100000|  0%| F|  |TAMS 0x0000000092000000, 0x0000000092000000| Untracked 
| 289|0x0000000092100000, 0x0000000092100000, 0x0000000092200000|  0%| F|  |TAMS 0x0000000092100000, 0x0000000092100000| Untracked 
| 290|0x0000000092200000, 0x000000009225ebf0, 0x0000000092300000| 37%| S|CS|TAMS 0x0000000092200000, 0x0000000092200000| Complete 
| 291|0x0000000092300000, 0x0000000092300000, 0x0000000092400000|  0%| F|  |TAMS 0x0000000092300000, 0x0000000092300000| Untracked 
| 292|0x0000000092400000, 0x0000000092400000, 0x0000000092500000|  0%| F|  |TAMS 0x0000000092400000, 0x0000000092400000| Untracked 
| 293|0x0000000092500000, 0x0000000092500000, 0x0000000092600000|  0%| F|  |TAMS 0x0000000092500000, 0x0000000092500000| Untracked 
| 294|0x0000000092600000, 0x0000000092600000, 0x0000000092700000|  0%| F|  |TAMS 0x0000000092600000, 0x0000000092600000| Untracked 
| 295|0x0000000092700000, 0x0000000092700000, 0x0000000092800000|  0%| F|  |TAMS 0x0000000092700000, 0x0000000092700000| Untracked 
| 296|0x0000000092800000, 0x0000000092800000, 0x0000000092900000|  0%| F|  |TAMS 0x0000000092800000, 0x0000000092800000| Untracked 
| 297|0x0000000092900000, 0x0000000092900000, 0x0000000092a00000|  0%| F|  |TAMS 0x0000000092900000, 0x0000000092900000| Untracked 
| 298|0x0000000092a00000, 0x0000000092a00000, 0x0000000092b00000|  0%| F|  |TAMS 0x0000000092a00000, 0x0000000092a00000| Untracked 
| 299|0x0000000092b00000, 0x0000000092b00000, 0x0000000092c00000|  0%| F|  |TAMS 0x0000000092b00000, 0x0000000092b00000| Untracked 
| 300|0x0000000092c00000, 0x0000000092c00000, 0x0000000092d00000|  0%| F|  |TAMS 0x0000000092c00000, 0x0000000092c00000| Untracked 
| 301|0x0000000092d00000, 0x0000000092d00000, 0x0000000092e00000|  0%| F|  |TAMS 0x0000000092d00000, 0x0000000092d00000| Untracked 
| 302|0x0000000092e00000, 0x0000000092e00000, 0x0000000092f00000|  0%| F|  |TAMS 0x0000000092e00000, 0x0000000092e00000| Untracked 
| 303|0x0000000092f00000, 0x0000000092f00000, 0x0000000093000000|  0%| F|  |TAMS 0x0000000092f00000, 0x0000000092f00000| Untracked 
| 304|0x0000000093000000, 0x0000000093000000, 0x0000000093100000|  0%| F|  |TAMS 0x0000000093000000, 0x0000000093000000| Untracked 

Card table byte_map: [0x0000000015ae0000,0x0000000015ee0000] _byte_map_base: 0x00000000156e0000

Marking Bits (Prev, Next): (CMBitMap*) 0x00000000003b2700, (CMBitMap*) 0x00000000003b26c8
 Prev Bits: [0x00000000182e0000, 0x000000001a2e0000)
 Next Bits: [0x00000000162e0000, 0x00000000182e0000)

Polling page: 0x0000000000240000

Metaspace:

Usage:
  Non-class:    109.66 MB capacity,   107.83 MB ( 98%) used,     1.46 MB (  1%) free+waste,   378.38 KB ( <1%) overhead. 
      Class:     16.18 MB capacity,    15.04 MB ( 93%) used,   992.07 KB (  6%) free+waste,   168.31 KB (  1%) overhead. 
       Both:    125.84 MB capacity,   122.88 MB ( 98%) used,     2.43 MB (  2%) free+waste,   546.69 KB ( <1%) overhead. 

Virtual space:
  Non-class space:      110.00 MB reserved,     109.67 MB (>99%) committed 
      Class space:        1.00 GB reserved,      16.25 MB (  2%) committed 
             Both:        1.11 GB reserved,     125.92 MB ( 11%) committed 

Chunk freelists:
   Non-Class:  12.00 KB
       Class:  10.00 KB
        Both:  22.00 KB

MaxMetaspaceSize: 17179869184.00 GB
CompressedClassSpaceSize: 1.00 GB
Initial GC threshold: 20.80 MB
Current GC threshold: 173.00 MB
CDS: off

CodeHeap 'non-profiled nmethods': size=120064Kb used=11350Kb max_used=11350Kb free=108713Kb
 bounds [0x000000000dbd0000, 0x000000000e6f0000, 0x0000000015110000]
CodeHeap 'profiled nmethods': size=120000Kb used=43100Kb max_used=43100Kb free=76899Kb
 bounds [0x00000000066a0000, 0x00000000090c0000, 0x000000000dbd0000]
CodeHeap 'non-nmethods': size=5696Kb used=2430Kb max_used=2462Kb free=3265Kb
 bounds [0x0000000006110000, 0x0000000006390000, 0x00000000066a0000]
 total_blobs=19247 nmethods=18276 adapters=883
 compilation: enabled
              stopped_count=0, restarted_count=0
 full_count=0

Compilation events (20 events):
Event: 482.220 Thread 0x000000005d431800 19340       1       com.android.tools.r8.internal.Ig::a (5 bytes)
Event: 482.220 Thread 0x000000005d431800 nmethod 19340 0x000000000e6e5590 code [0x000000000e6e5740, 0x000000000e6e57f8]
Event: 482.221 Thread 0x000000005d431800 19341       2       com.android.tools.r8.graph.Y::a (306 bytes)
Event: 482.222 Thread 0x000000005d431800 nmethod 19341 0x00000000090b6c90 code [0x00000000090b6ec0, 0x00000000090b7468]
Event: 482.222 Thread 0x000000005d431800 19342       2       com.android.tools.r8.internal.Ys::size (8 bytes)
Event: 482.223 Thread 0x000000005d431800 nmethod 19342 0x00000000090b7890 code [0x00000000090b7a40, 0x00000000090b7b38]
Event: 482.223 Thread 0x000000005d431800 19343       2       com.android.tools.r8.internal.Xs::next (16 bytes)
Event: 482.224 Thread 0x000000005d431800 nmethod 19343 0x00000000090b7c10 code [0x00000000090b7de0, 0x00000000090b7fe8]
Event: 482.227 Thread 0x000000005d431800 19344       2       com.android.tools.r8.internal.D4::a (44 bytes)
Event: 482.228 Thread 0x000000005d431800 nmethod 19344 0x00000000090b8190 code [0x00000000090b8360, 0x00000000090b8518]
Event: 482.230 Thread 0x000000005d431800 19345       2       com.android.tools.r8.internal.r7::a (49 bytes)
Event: 482.232 Thread 0x000000005d431800 nmethod 19345 0x00000000090b8690 code [0x00000000090b88e0, 0x00000000090b8d08]
Event: 482.232 Thread 0x000000005d431800 19346   !   2       com.android.tools.r8.internal.Ma::a (85 bytes)
Event: 482.234 Thread 0x000000005d431800 nmethod 19346 0x00000000090b8f90 code [0x00000000090b9220, 0x00000000090b9c08]
Event: 482.248 Thread 0x000000005d431800 19347       2       com.android.tools.r8.graph.d::a (40 bytes)
Event: 482.249 Thread 0x000000005d431800 nmethod 19347 0x00000000090ba290 code [0x00000000090ba460, 0x00000000090ba638]
Event: 482.260 Thread 0x000000005d431800 19348       1       com.android.tools.r8.internal.Nq::I1 (2 bytes)
Event: 482.261 Thread 0x000000005d431800 nmethod 19348 0x000000000e6e5890 code [0x000000000e6e5a40, 0x000000000e6e5af8]
Event: 482.265 Thread 0x000000005d431800 19349       2       com.android.tools.r8.internal.u20::<init> (17 bytes)
Event: 482.266 Thread 0x000000005d431800 nmethod 19349 0x00000000090ba810 code [0x00000000090ba9e0, 0x00000000090bad88]

GC Heap History (20 events):
Event: 427.602 GC heap after
{Heap after GC invocations=130 (full 0):
 garbage-first heap   total 251904K, used 133049K [0x0000000080000000, 0x0000000100000000)
  region size 1024K, 2 young (2048K), 2 survivors (2048K)
 Metaspace       used 111784K, capacity 114251K, committed 114480K, reserved 1148928K
  class space    used 13733K, capacity 14616K, committed 14720K, reserved 1048576K
}
Event: 429.309 GC heap before
{Heap before GC invocations=130 (full 0):
 garbage-first heap   total 251904K, used 146361K [0x0000000080000000, 0x0000000100000000)
  region size 1024K, 15 young (15360K), 2 survivors (2048K)
 Metaspace       used 113352K, capacity 115800K, committed 115888K, reserved 1150976K
  class space    used 13890K, capacity 14765K, committed 14848K, reserved 1048576K
}
Event: 429.330 GC heap after
{Heap after GC invocations=131 (full 0):
 garbage-first heap   total 251904K, used 135210K [0x0000000080000000, 0x0000000100000000)
  region size 1024K, 2 young (2048K), 2 survivors (2048K)
 Metaspace       used 113352K, capacity 115800K, committed 115888K, reserved 1150976K
  class space    used 13890K, capacity 14765K, committed 14848K, reserved 1048576K
}
Event: 430.492 GC heap before
{Heap before GC invocations=131 (full 0):
 garbage-first heap   total 251904K, used 150570K [0x0000000080000000, 0x0000000100000000)
  region size 1024K, 17 young (17408K), 2 survivors (2048K)
 Metaspace       used 113732K, capacity 116226K, committed 116400K, reserved 1150976K
  class space    used 13897K, capacity 14799K, committed 14848K, reserved 1048576K
}
Event: 430.521 GC heap after
{Heap after GC invocations=132 (full 0):
 garbage-first heap   total 251904K, used 136540K [0x0000000080000000, 0x0000000100000000)
  region size 1024K, 2 young (2048K), 2 survivors (2048K)
 Metaspace       used 113732K, capacity 116226K, committed 116400K, reserved 1150976K
  class space    used 13897K, capacity 14799K, committed 14848K, reserved 1048576K
}
Event: 433.692 GC heap before
{Heap before GC invocations=132 (full 0):
 garbage-first heap   total 251904K, used 155996K [0x0000000080000000, 0x0000000100000000)
  region size 1024K, 21 young (21504K), 2 survivors (2048K)
 Metaspace       used 114053K, capacity 116572K, committed 116656K, reserved 1150976K
  class space    used 13919K, capacity 14848K, committed 14848K, reserved 1048576K
}
Event: 433.732 GC heap after
{Heap after GC invocations=133 (full 0):
 garbage-first heap   total 312320K, used 137018K [0x0000000080000000, 0x0000000100000000)
  region size 1024K, 2 young (2048K), 2 survivors (2048K)
 Metaspace       used 114053K, capacity 116572K, committed 116656K, reserved 1150976K
  class space    used 13919K, capacity 14848K, committed 14848K, reserved 1048576K
}
Event: 439.558 GC heap before
{Heap before GC invocations=133 (full 0):
 garbage-first heap   total 312320K, used 163642K [0x0000000080000000, 0x0000000100000000)
  region size 1024K, 25 young (25600K), 2 survivors (2048K)
 Metaspace       used 116608K, capacity 119138K, committed 119344K, reserved 1153024K
  class space    used 14260K, capacity 15225K, committed 15232K, reserved 1048576K
}
Event: 439.601 GC heap after
{Heap after GC invocations=134 (full 0):
 garbage-first heap   total 312320K, used 139078K [0x0000000080000000, 0x0000000100000000)
  region size 1024K, 4 young (4096K), 4 survivors (4096K)
 Metaspace       used 116608K, capacity 119138K, committed 119344K, reserved 1153024K
  class space    used 14260K, capacity 15225K, committed 15232K, reserved 1048576K
}
Event: 452.059 GC heap before
{Heap before GC invocations=134 (full 0):
 garbage-first heap   total 312320K, used 162630K [0x0000000080000000, 0x0000000100000000)
  region size 1024K, 28 young (28672K), 4 survivors (4096K)
 Metaspace       used 119367K, capacity 121957K, committed 122032K, reserved 1155072K
  class space    used 14623K, capacity 15611K, committed 15616K, reserved 1048576K
}
Event: 452.821 GC heap after
{Heap after GC invocations=135 (full 0):
 garbage-first heap   total 312320K, used 144311K [0x0000000080000000, 0x0000000100000000)
  region size 1024K, 4 young (4096K), 4 survivors (4096K)
 Metaspace       used 119367K, capacity 121957K, committed 122032K, reserved 1155072K
  class space    used 14623K, capacity 15611K, committed 15616K, reserved 1048576K
}
Event: 459.540 GC heap before
{Heap before GC invocations=135 (full 0):
 garbage-first heap   total 312320K, used 155575K [0x0000000080000000, 0x0000000100000000)
  region size 1024K, 15 young (15360K), 4 survivors (4096K)
 Metaspace       used 121074K, capacity 123837K, committed 123952K, reserved 1157120K
  class space    used 14866K, capacity 15957K, committed 16000K, reserved 1048576K
}
Event: 463.330 GC heap after
{Heap after GC invocations=136 (full 0):
 garbage-first heap   total 312320K, used 145783K [0x0000000080000000, 0x0000000100000000)
  region size 1024K, 2 young (2048K), 2 survivors (2048K)
 Metaspace       used 121074K, capacity 123837K, committed 123952K, reserved 1157120K
  class space    used 14866K, capacity 15957K, committed 16000K, reserved 1048576K
}
Event: 477.193 GC heap before
{Heap before GC invocations=136 (full 0):
 garbage-first heap   total 312320K, used 159095K [0x0000000080000000, 0x0000000100000000)
  region size 1024K, 15 young (15360K), 2 survivors (2048K)
 Metaspace       used 123774K, capacity 126692K, committed 126768K, reserved 1159168K
  class space    used 15308K, capacity 16443K, committed 16512K, reserved 1048576K
}
Event: 477.206 GC heap after
{Heap after GC invocations=137 (full 0):
 garbage-first heap   total 312320K, used 146088K [0x0000000080000000, 0x0000000100000000)
  region size 1024K, 2 young (2048K), 2 survivors (2048K)
 Metaspace       used 123774K, capacity 126692K, committed 126768K, reserved 1159168K
  class space    used 15308K, capacity 16443K, committed 16512K, reserved 1048576K
}
Event: 478.180 GC heap before
{Heap before GC invocations=137 (full 0):
 garbage-first heap   total 312320K, used 159400K [0x0000000080000000, 0x0000000100000000)
  region size 1024K, 15 young (15360K), 2 survivors (2048K)
 Metaspace       used 124322K, capacity 127276K, committed 127536K, reserved 1161216K
  class space    used 15336K, capacity 16482K, committed 16512K, reserved 1048576K
}
Event: 478.772 GC heap after
{Heap after GC invocations=138 (full 0):
 garbage-first heap   total 312320K, used 147279K [0x0000000080000000, 0x0000000100000000)
  region size 1024K, 2 young (2048K), 2 survivors (2048K)
 Metaspace       used 124322K, capacity 127276K, committed 127536K, reserved 1161216K
  class space    used 15336K, capacity 16482K, committed 16512K, reserved 1048576K
}
Event: 480.971 GC heap before
{Heap before GC invocations=138 (full 0):
 garbage-first heap   total 312320K, used 160591K [0x0000000080000000, 0x0000000100000000)
  region size 1024K, 15 young (15360K), 2 survivors (2048K)
 Metaspace       used 125539K, capacity 128479K, committed 128688K, reserved 1161216K
  class space    used 15383K, capacity 16528K, committed 16640K, reserved 1048576K
}
Event: 481.408 GC heap after
{Heap after GC invocations=139 (full 0):
 garbage-first heap   total 312320K, used 146377K [0x0000000080000000, 0x0000000100000000)
  region size 1024K, 1 young (1024K), 1 survivors (1024K)
 Metaspace       used 125539K, capacity 128479K, committed 128688K, reserved 1161216K
  class space    used 15383K, capacity 16528K, committed 16640K, reserved 1048576K
}
Event: 482.269 GC heap before
{Heap before GC invocations=139 (full 0):
 garbage-first heap   total 312320K, used 160713K [0x0000000080000000, 0x0000000100000000)
  region size 1024K, 15 young (15360K), 1 survivors (1024K)
 Metaspace       used 125826K, capacity 128858K, committed 128944K, reserved 1161216K
  class space    used 15405K, capacity 16566K, committed 16640K, reserved 1048576K
}

Deoptimization events (20 events):
Event: 482.117 Thread 0x0000000066b4e800 Uncommon trap: trap_request=0xffffff4d fr.pc=0x000000000e6b70ac relative=0x0000000000000a6c
Event: 482.117 Thread 0x0000000066b4e800 Uncommon trap: reason=unstable_if action=reinterpret pc=0x000000000e6b70ac method=com.android.tools.r8.internal.Pn.c(Lcom/android/tools/r8/internal/Xq;)V @ 65 c2
Event: 482.117 Thread 0x0000000066b4e800 DEOPT PACKING pc=0x000000000e6b70ac sp=0x000000006797b470
Event: 482.117 Thread 0x0000000066b4e800 DEOPT UNPACKING pc=0x000000000615a1a9 sp=0x000000006797b3c0 mode 2
Event: 482.120 Thread 0x0000000066b4e800 Uncommon trap: trap_request=0xffffff4d fr.pc=0x000000000e69164c relative=0x00000000000002ec
Event: 482.121 Thread 0x0000000066b4e800 Uncommon trap: reason=unstable_if action=reinterpret pc=0x000000000e69164c method=com.android.tools.r8.internal.Pn.c(Lcom/android/tools/r8/internal/Xq;)V @ 65 c2
Event: 482.121 Thread 0x0000000066b4e800 DEOPT PACKING pc=0x000000000e69164c sp=0x000000006797b3f0
Event: 482.121 Thread 0x0000000066b4e800 DEOPT UNPACKING pc=0x000000000615a1a9 sp=0x000000006797b3b8 mode 2
Event: 482.125 Thread 0x0000000066b4e800 Uncommon trap: trap_request=0xffffffde fr.pc=0x000000000e6aee58 relative=0x0000000000000bf8
Event: 482.125 Thread 0x0000000066b4e800 Uncommon trap: reason=class_check action=maybe_recompile pc=0x000000000e6aee58 method=com.android.tools.r8.internal.Pn.c(Lcom/android/tools/r8/internal/Xq;)V @ 134 c2
Event: 482.125 Thread 0x0000000066b4e800 DEOPT PACKING pc=0x000000000e6aee58 sp=0x000000006797b4e0
Event: 482.125 Thread 0x0000000066b4e800 DEOPT UNPACKING pc=0x000000000615a1a9 sp=0x000000006797b3c8 mode 2
Event: 482.125 Thread 0x0000000066b4e800 Uncommon trap: trap_request=0xffffff4d fr.pc=0x000000000e690ee8 relative=0x0000000000000628
Event: 482.125 Thread 0x0000000066b4e800 Uncommon trap: reason=unstable_if action=reinterpret pc=0x000000000e690ee8 method=com.android.tools.r8.internal.co.a(Lcom/android/tools/r8/internal/Xq;)V @ 8 c2
Event: 482.125 Thread 0x0000000066b4e800 DEOPT PACKING pc=0x000000000e690ee8 sp=0x000000006797b3e0
Event: 482.125 Thread 0x0000000066b4e800 DEOPT UNPACKING pc=0x000000000615a1a9 sp=0x000000006797b340 mode 2
Event: 482.173 Thread 0x0000000066b4e800 Uncommon trap: trap_request=0xffffff4d fr.pc=0x000000000e697fa0 relative=0x0000000000000080
Event: 482.173 Thread 0x0000000066b4e800 Uncommon trap: reason=unstable_if action=reinterpret pc=0x000000000e697fa0 method=com.android.tools.r8.internal.w20.L()Z @ 14 c2
Event: 482.173 Thread 0x0000000066b4e800 DEOPT PACKING pc=0x000000000e697fa0 sp=0x000000006797b850
Event: 482.173 Thread 0x0000000066b4e800 DEOPT UNPACKING pc=0x000000000615a1a9 sp=0x000000006797b7d8 mode 2

Classes redefined (0 events):
No events

Internal exceptions (20 events):
Event: 435.519 Thread 0x0000000066b4c000 Exception <a 'sun/nio/fs/WindowsException'{0x0000000092c4e318}> (0x0000000092c4e318) thrown at [./src/hotspot/share/prims/jni.cpp, line 616]
Event: 435.669 Thread 0x0000000066b4c000 Exception <a 'java/lang/NoSuchMethodError'{0x0000000092b04b78}: <clinit>> (0x0000000092b04b78) thrown at [./src/hotspot/share/prims/jni.cpp, line 1366]
Event: 437.554 Thread 0x0000000066b4e800 Exception <a 'sun/nio/fs/WindowsException'{0x0000000091fcf5c8}> (0x0000000091fcf5c8) thrown at [./src/hotspot/share/prims/jni.cpp, line 616]
Event: 438.307 Thread 0x0000000066b4e800 Exception <a 'java/lang/NoSuchMethodError'{0x0000000091fd1a60}: 'java.lang.Object java.lang.invoke.DirectMethodHandle$Holder.newInvokeSpecial(java.lang.Object, int)'> (0x0000000091fd1a60) thrown at [./src/hotspot/share/interpreter/linkResolver.cpp, line 773]
Event: 438.307 Thread 0x0000000066b4f800 Exception <a 'java/lang/NoSuchMethodError'{0x0000000091d514e8}: 'java.lang.Object java.lang.invoke.DirectMethodHandle$Holder.newInvokeSpecial(java.lang.Object, int)'> (0x0000000091d514e8) thrown at [./src/hotspot/share/interpreter/linkResolver.cpp, line 773]
Event: 439.918 Thread 0x0000000066b4f800 Exception <a 'java/lang/NoSuchMethodError'{0x00000000930f1f20}: 'java.lang.Object java.lang.invoke.DirectMethodHandle$Holder.invokeStaticInit(java.lang.Object, java.lang.Object, java.lang.Object, java.lang.Object, java.lang.Object, java.lang.Object, java.lang.Object, java.lang.Object, java.lang.Object, java.lang.Object, java.lang.Object, java.lang.Object, java.lang.Object, java.lang.Object, java.lang.Object, java.lang.Object, java.lang.Object, java.lang.Object, int, java.lang.Object, java.lang.Object)'> (0
Event: 442.242 Thread 0x0000000066b4f800 Exception <a 'java/lang/IncompatibleClassChangeError'{0x0000000092e0db30}: Found class java.lang.Object, but interface was expected> (0x0000000092e0db30) thrown at [./src/hotspot/share/interpreter/linkResolver.cpp, line 839]
Event: 442.242 Thread 0x0000000066b4e800 Exception <a 'java/lang/IncompatibleClassChangeError'{0x0000000092fb8600}: Found class java.lang.Object, but interface was expected> (0x0000000092fb8600) thrown at [./src/hotspot/share/interpreter/linkResolver.cpp, line 839]
Event: 450.391 Thread 0x0000000066b4f800 Exception <a 'java/lang/NoSuchMethodError'{0x0000000091a77ea0}: 'void java.lang.invoke.DirectMethodHandle$Holder.invokeStatic(java.lang.Object, java.lang.Object, java.lang.Object, int)'> (0x0000000091a77ea0) thrown at [./src/hotspot/share/interpreter/linkResolver.cpp, line 773]
Event: 450.394 Thread 0x0000000066b4e800 Exception <a 'java/lang/IncompatibleClassChangeError'{0x0000000091a60a30}: Found class java.lang.Object, but interface was expected> (0x0000000091a60a30) thrown at [./src/hotspot/share/interpreter/linkResolver.cpp, line 839]
Event: 456.781 Thread 0x0000000066b4e800 Exception <a 'java/lang/NoSuchMethodError'{0x0000000092bc4198}: 'java.lang.Object java.lang.invoke.DirectMethodHandle$Holder.invokeStatic(java.lang.Object, int, java.lang.Object, java.lang.Object)'> (0x0000000092bc4198) thrown at [./src/hotspot/share/interpreter/linkResolver.cpp, line 773]
Event: 456.781 Thread 0x0000000066b4f800 Exception <a 'java/lang/NoSuchMethodError'{0x0000000092bce990}: 'java.lang.Object java.lang.invoke.DirectMethodHandle$Holder.invokeStatic(java.lang.Object, int, java.lang.Object, java.lang.Object)'> (0x0000000092bce990) thrown at [./src/hotspot/share/interpreter/linkResolver.cpp, line 773]
Event: 465.954 Thread 0x0000000066b4f800 Exception <a 'java/lang/IncompatibleClassChangeError'{0x0000000092d3e068}: Found class java.lang.Object, but interface was expected> (0x0000000092d3e068) thrown at [./src/hotspot/share/interpreter/linkResolver.cpp, line 839]
Event: 465.954 Thread 0x0000000066b4e800 Exception <a 'java/lang/IncompatibleClassChangeError'{0x0000000092d10098}: Found class java.lang.Object, but interface was expected> (0x0000000092d10098) thrown at [./src/hotspot/share/interpreter/linkResolver.cpp, line 839]
Event: 465.956 Thread 0x0000000066b4e800 Exception <a 'java/lang/IncompatibleClassChangeError'{0x0000000092d61eb8}: Found class java.lang.Object, but interface was expected> (0x0000000092d61eb8) thrown at [./src/hotspot/share/interpreter/linkResolver.cpp, line 839]
Event: 465.957 Thread 0x0000000066b4f800 Exception <a 'java/lang/IncompatibleClassChangeError'{0x0000000092d41320}: Found class java.lang.Object, but interface was expected> (0x0000000092d41320) thrown at [./src/hotspot/share/interpreter/linkResolver.cpp, line 839]
Event: 470.738 Thread 0x0000000066b4f800 Exception <a 'java/lang/NoSuchMethodError'{0x0000000092a03630}: 'void java.lang.invoke.DirectMethodHandle$Holder.invokeSpecial(java.lang.Object, java.lang.Object, int, java.lang.Object)'> (0x0000000092a03630) thrown at [./src/hotspot/share/interpreter/linkResolver.cpp, line 773]
Event: 470.738 Thread 0x0000000066b4e800 Exception <a 'java/lang/NoSuchMethodError'{0x0000000092bd9ce8}: 'void java.lang.invoke.DirectMethodHandle$Holder.invokeSpecial(java.lang.Object, java.lang.Object, int, java.lang.Object)'> (0x0000000092bd9ce8) thrown at [./src/hotspot/share/interpreter/linkResolver.cpp, line 773]
Event: 479.257 Thread 0x0000000066b4e800 Implicit null exception at 0x000000000e6920a4 to 0x000000000e69227c
Event: 479.257 Thread 0x0000000066b4e800 Implicit null exception at 0x000000000e692ca5 to 0x000000000e692df0

Events (20 events):
Event: 482.054 loading class com/android/tools/r8/code/n3 done
Event: 482.055 loading class com/android/tools/r8/code/q3
Event: 482.055 loading class com/android/tools/r8/code/q3 done
Event: 482.111 loading class com/android/tools/r8/internal/r7
Event: 482.111 loading class com/android/tools/r8/internal/r7 done
Event: 482.121 loading class com/android/tools/r8/internal/qM
Event: 482.121 loading class com/android/tools/r8/internal/qM done
Event: 482.124 loading class com/android/tools/r8/code/W3
Event: 482.124 loading class com/android/tools/r8/code/W3 done
Event: 482.143 loading class com/android/tools/r8/internal/Nn
Event: 482.143 loading class com/android/tools/r8/internal/Nn done
Event: 482.144 loading class com/android/tools/r8/internal/Q30
Event: 482.144 loading class com/android/tools/r8/internal/Q30 done
Event: 482.170 loading class com/android/tools/r8/internal/uo
Event: 482.170 loading class com/android/tools/r8/internal/uo done
Event: 482.194 loading class com/android/tools/r8/internal/Wk
Event: 482.194 loading class com/android/tools/r8/internal/Wk done
Event: 482.195 Executing VM operation: ICBufferFull
Event: 482.216 Executing VM operation: ICBufferFull done
Event: 482.268 Executing VM operation: G1CollectForAllocation


Dynamic libraries:
0x000000013fad0000 - 0x000000013fada000 	C:\Users\Ubaid\Downloads\android-studio-2021.3.1.17-windows\android-studio\jre\bin\java.exe
0x00000000776c0000 - 0x000000007785f000 	C:\Windows\SYSTEM32\ntdll.dll
0x00000000774a0000 - 0x00000000775bf000 	C:\Windows\system32\kernel32.dll
0x000007fefd550000 - 0x000007fefd5b7000 	C:\Windows\system32\KERNELBASE.dll
0x000007fefa4f0000 - 0x000007fefa509000 	C:\Users\Ubaid\Downloads\android-studio-2021.3.1.17-windows\android-studio\jre\bin\jli.dll
0x000007fefbc60000 - 0x000007fefbe55000 	C:\Windows\WinSxS\amd64_microsoft.windows.common-controls_6595b64144ccf1df_6.0.7601.24483_none_e372d88f30fbb845\COMCTL32.dll
0x000007fefe1f0000 - 0x000007fefe28f000 	C:\Windows\system32\msvcrt.dll
0x000007fefd5d0000 - 0x000007fefd637000 	C:\Windows\system32\GDI32.dll
0x00000000775c0000 - 0x00000000776bb000 	C:\Windows\system32\USER32.dll
0x000007fefdee0000 - 0x000007fefdeee000 	C:\Windows\system32\LPK.dll
0x000007fefd880000 - 0x000007fefd94b000 	C:\Windows\system32\USP10.dll
0x000007fefeb00000 - 0x000007fefeb71000 	C:\Windows\system32\SHLWAPI.dll
0x000007fefa4c0000 - 0x000007fefa4d7000 	C:\Users\Ubaid\Downloads\android-studio-2021.3.1.17-windows\android-studio\jre\bin\VCRUNTIME140.dll
0x000007fef9640000 - 0x000007fef9644000 	C:\Windows\system32\api-ms-win-crt-runtime-l1-1-0.dll
0x000007fef9180000 - 0x000007fef9274000 	C:\Windows\system32\ucrtbase.DLL
0x000007fef9170000 - 0x000007fef9173000 	C:\Windows\system32\api-ms-win-core-timezone-l1-1-0.dll
0x000007fef9160000 - 0x000007fef9163000 	C:\Windows\system32\api-ms-win-core-file-l2-1-0.dll
0x000007fef9150000 - 0x000007fef9153000 	C:\Windows\system32\api-ms-win-core-localization-l1-2-0.dll
0x000007fef9140000 - 0x000007fef9143000 	C:\Windows\system32\api-ms-win-core-synch-l1-2-0.dll
0x000007fef9130000 - 0x000007fef9133000 	C:\Windows\system32\api-ms-win-core-processthreads-l1-1-1.dll
0x000007fef9120000 - 0x000007fef9123000 	C:\Windows\system32\api-ms-win-core-file-l1-2-0.dll
0x000007fef9100000 - 0x000007fef9104000 	C:\Windows\system32\api-ms-win-crt-string-l1-1-0.dll
0x000007fef9110000 - 0x000007fef9113000 	C:\Windows\system32\api-ms-win-crt-heap-l1-1-0.dll
0x000007fef90f0000 - 0x000007fef90f4000 	C:\Windows\system32\api-ms-win-crt-stdio-l1-1-0.dll
0x000007fef90e0000 - 0x000007fef90e4000 	C:\Windows\system32\api-ms-win-crt-convert-l1-1-0.dll
0x000007fef90a0000 - 0x000007fef90a3000 	C:\Windows\system32\api-ms-win-crt-environment-l1-1-0.dll
0x000007fef90b0000 - 0x000007fef90b3000 	C:\Windows\system32\api-ms-win-crt-filesystem-l1-1-0.dll
0x000007fef8f50000 - 0x000007fef8f55000 	C:\Windows\system32\api-ms-win-crt-math-l1-1-0.dll
0x000007fef8f60000 - 0x000007fef8f63000 	C:\Windows\system32\api-ms-win-crt-locale-l1-1-0.dll
0x000007fefd640000 - 0x000007fefd66e000 	C:\Windows\system32\IMM32.DLL
0x000007fefe360000 - 0x000007fefe46b000 	C:\Windows\system32\MSCTF.dll
0x000007fee3260000 - 0x000007fee32fd000 	C:\Users\Ubaid\Downloads\android-studio-2021.3.1.17-windows\android-studio\jre\bin\msvcp140.dll
0x000007fef8e00000 - 0x000007fef8e05000 	C:\Windows\system32\api-ms-win-crt-multibyte-l1-1-0.dll
0x000007fef90d0000 - 0x000007fef90d3000 	C:\Windows\system32\api-ms-win-crt-time-l1-1-0.dll
0x000007fef90c0000 - 0x000007fef90c3000 	C:\Windows\system32\api-ms-win-crt-utility-l1-1-0.dll
0x000007fee1ce0000 - 0x000007fee27e2000 	C:\Users\Ubaid\Downloads\android-studio-2021.3.1.17-windows\android-studio\jre\bin\server\jvm.dll
0x000007fefe070000 - 0x000007fefe14b000 	C:\Windows\system32\ADVAPI32.dll
0x000007fefe170000 - 0x000007fefe18f000 	C:\Windows\SYSTEM32\sechost.dll
0x000007fefddb0000 - 0x000007fefdedc000 	C:\Windows\system32\RPCRT4.dll
0x000007fee2d90000 - 0x000007fee2d99000 	C:\Windows\system32\WSOCK32.dll
0x000007fefe310000 - 0x000007fefe35d000 	C:\Windows\system32\WS2_32.dll
0x000007fefd870000 - 0x000007fefd878000 	C:\Windows\system32\NSI.dll
0x000007fefafe0000 - 0x000007fefb01b000 	C:\Windows\system32\WINMM.dll
0x000007fefc2f0000 - 0x000007fefc2fc000 	C:\Windows\system32\VERSION.dll
0x0000000077860000 - 0x0000000077867000 	C:\Windows\system32\PSAPI.DLL
0x000007fee2c20000 - 0x000007fee2c31000 	C:\Users\Ubaid\Downloads\android-studio-2021.3.1.17-windows\android-studio\jre\bin\verify.dll
0x000007fef8e20000 - 0x000007fef8f45000 	C:\Windows\system32\DBGHELP.DLL
0x000007fee2bf0000 - 0x000007fee2c19000 	C:\Users\Ubaid\Downloads\android-studio-2021.3.1.17-windows\android-studio\jre\bin\java.dll
0x000007fee2be0000 - 0x000007fee2beb000 	C:\Users\Ubaid\Downloads\android-studio-2021.3.1.17-windows\android-studio\jre\bin\jimage.dll
0x000007fee2b80000 - 0x000007fee2b98000 	C:\Users\Ubaid\Downloads\android-studio-2021.3.1.17-windows\android-studio\jre\bin\zip.dll
0x000007fefec20000 - 0x000007feff9ab000 	C:\Windows\system32\SHELL32.dll
0x000007fefd670000 - 0x000007fefd86f000 	C:\Windows\system32\ole32.dll
0x000007fefd220000 - 0x000007fefd22f000 	C:\Windows\system32\profapi.dll
0x000007fee2b60000 - 0x000007fee2b7a000 	C:\Users\Ubaid\Downloads\android-studio-2021.3.1.17-windows\android-studio\jre\bin\net.dll
0x000007fef74f0000 - 0x000007fef7561000 	C:\Windows\system32\WINHTTP.dll
0x000007fef8d80000 - 0x000007fef8de5000 	C:\Windows\system32\webio.dll
0x000007fefc950000 - 0x000007fefc9a5000 	C:\Windows\system32\mswsock.dll
0x000007fefc940000 - 0x000007fefc947000 	C:\Windows\System32\wship6.dll
0x000007fee2b40000 - 0x000007fee2b54000 	C:\Users\Ubaid\Downloads\android-studio-2021.3.1.17-windows\android-studio\jre\bin\nio.dll
0x000007fee3c20000 - 0x000007fee3c47000 	C:\Users\Ubaid\.gradle\native\e1d6ef7f7dcc3fd88c89a11ec53ec762bb8ba0a96d01ffa2cd45eb1d1d8dd5c5\windows-amd64\native-platform.dll
0x000007fee1cd0000 - 0x000007fee1cda000 	C:\Users\Ubaid\Downloads\android-studio-2021.3.1.17-windows\android-studio\jre\bin\management.dll
0x000007fee1cc0000 - 0x000007fee1ccd000 	C:\Users\Ubaid\Downloads\android-studio-2021.3.1.17-windows\android-studio\jre\bin\management_ext.dll
0x000007fefc9b0000 - 0x000007fefc9c8000 	C:\Windows\system32\CRYPTSP.dll
0x000007fefc6b0000 - 0x000007fefc6f7000 	C:\Windows\system32\rsaenh.dll
0x000007fefd530000 - 0x000007fefd54f000 	C:\Windows\system32\USERENV.dll
0x000007fefd0b0000 - 0x000007fefd0bf000 	C:\Windows\system32\CRYPTBASE.dll
0x000007fefad60000 - 0x000007fefad87000 	C:\Windows\system32\IPHLPAPI.DLL
0x000007fefad10000 - 0x000007fefad1b000 	C:\Windows\system32\WINNSI.DLL
0x000007fefaa80000 - 0x000007fefaa91000 	C:\Windows\system32\dhcpcsvc6.DLL
0x000007fefa9c0000 - 0x000007fefa9d8000 	C:\Windows\system32\dhcpcsvc.DLL
0x000007fefd010000 - 0x000007fefd067000 	C:\Windows\system32\apphelp.dll

dbghelp: loaded successfully - version: 4.0.5 - missing functions: none
symbol engine: initialized successfully - sym options: 0x614 - pdb path: .;C:\Users\Ubaid\Downloads\android-studio-2021.3.1.17-windows\android-studio\jre\bin;C:\Windows\SYSTEM32;C:\Windows\WinSxS\amd64_microsoft.windows.common-controls_6595b64144ccf1df_6.0.7601.24483_none_e372d88f30fbb845;C:\Users\Ubaid\Downloads\android-studio-2021.3.1.17-windows\android-studio\jre\bin\server;C:\Users\Ubaid\.gradle\native\e1d6ef7f7dcc3fd88c89a11ec53ec762bb8ba0a96d01ffa2cd45eb1d1d8dd5c5\windows-amd64

VM Arguments:
jvm_args: --add-opens=java.base/java.util=ALL-UNNAMED --add-opens=java.base/java.lang=ALL-UNNAMED --add-opens=java.base/java.lang.invoke=ALL-UNNAMED --add-opens=java.base/java.util=ALL-UNNAMED --add-opens=java.prefs/java.util.prefs=ALL-UNNAMED --add-opens=java.prefs/java.util.prefs=ALL-UNNAMED --add-opens=java.base/java.nio.charset=ALL-UNNAMED --add-opens=java.base/java.net=ALL-UNNAMED --add-opens=java.base/java.util.concurrent.atomic=ALL-UNNAMED -Xmx2048m -Dfile.encoding=UTF-8 -Duser.country=US -Duser.language=en -Duser.variant 
java_command: org.gradle.launcher.daemon.bootstrap.GradleDaemon 7.4
java_class_path (initial): C:\Users\Ubaid\.gradle\wrapper\dists\gradle-7.4-bin\c0gwcg53nkjbqw7r0h0umtfvt\gradle-7.4\lib\gradle-launcher-7.4.jar
Launcher Type: SUN_STANDARD

[Global flags]
     intx CICompilerCount                          = 2                                         {product} {ergonomic}
     uint ConcGCThreads                            = 1                                         {product} {ergonomic}
     uint G1ConcRefinementThreads                  = 2                                         {product} {ergonomic}
   size_t G1HeapRegionSize                         = 1048576                                   {product} {ergonomic}
    uintx GCDrainStackTargetSize                   = 64                                        {product} {ergonomic}
   size_t InitialHeapSize                          = 50331648                                  {product} {ergonomic}
   size_t MarkStackSize                            = 4194304                                   {product} {ergonomic}
   size_t MaxHeapSize                              = 2147483648                                {product} {command line}
   size_t MaxNewSize                               = 1287651328                                {product} {ergonomic}
   size_t MinHeapDeltaBytes                        = 1048576                                   {product} {ergonomic}
    uintx NonNMethodCodeHeapSize                   = 5825164                                {pd product} {ergonomic}
    uintx NonProfiledCodeHeapSize                  = 122916538                              {pd product} {ergonomic}
    uintx ProfiledCodeHeapSize                     = 122916538                              {pd product} {ergonomic}
    uintx ReservedCodeCacheSize                    = 251658240                              {pd product} {ergonomic}
     bool SegmentedCodeCache                       = true                                      {product} {ergonomic}
     bool UseCompressedClassPointers               = true                                 {lp64_product} {ergonomic}
     bool UseCompressedOops                        = true                                 {lp64_product} {ergonomic}
     bool UseG1GC                                  = true                                      {product} {ergonomic}
     bool UseLargePagesIndividualAllocation        = false                                  {pd product} {ergonomic}

Logging:
Log output configuration:
 #0: stdout all=warning uptime,level,tags
 #1: stderr all=off uptime,level,tags

Environment Variables:
JAVA_HOME=C:\Program Files (x86)\Java\jdk1.8.0_202
PATH=C:\Program Files (x86)\Common Files\Oracle\Java\javapath;C:\Windows\system32;C:\Windows;C:\Windows\System32\Wbem;C:\Windows\System32\WindowsPowerShell\v1.0\;C:\Program Files (x86)\Brackets\command;C:\platform-tools;C:\Program Files\dotnet\;C:\Program Files\Microsoft SQL Server\130\Tools\Binn\;C:\Program Files\Microsoft SQL Server\Client SDK\ODBC\170\Tools\Binn\;C:\Program Files\Git\cmd;C:\Program Files\nodejs\;C:\Users\Ubaid\Downloads\flutter_windows_3.3.7-stable\flutter\bin
USERNAME=Ubaid
OS=Windows_NT
PROCESSOR_IDENTIFIER=Intel64 Family 6 Model 23 Stepping 10, GenuineIntel



---------------  S Y S T E M  ---------------

OS: Windows 7 , 64 bit Build 7601 (6.1.7601.24545)
OS uptime: 0 days 12:40 hours

CPU:total 2 (initial active 2) (2 cores per cpu, 1 threads per core) family 6 model 23 stepping 10 microcode 0x0, cmov, cx8, fxsr, mmx, sse, sse2, sse3, ssse3, tsc

Memory: 4k page, system-wide physical 3062M (39M free)
TotalPageFile size 6497M (AvailPageFile size 608M)
current process WorkingSet (physical memory assigned to process): 515M, peak: 515M
current process commit charge ("private bytes"): 652M, peak: 1262M

vm_info: OpenJDK 64-Bit Server VM (11.0.13+0-b1751.21-8125866) for windows-amd64 JRE (11.0.13+0-b1751.21-8125866), built on Feb  2 2022 03:00:22 by "builder" with MS VC++ 14.0 (VS2015)

END.
